#
# A fatal error has been detected by the Java Runtime Environment:
#
#  Internal Error (nativeInst_x86.cpp:155), pid=4440, tid=0x00007f8241756700
#  guarantee(!os::is_MP() || is_aligned) failed: destination must be aligned
#
# JRE version: Java(TM) SE Runtime Environment (8.0_111-b14) (build 1.8.0_111-b14)
# Java VM: Java HotSpot(TM) 64-Bit Server VM (25.111-b14 mixed mode linux-amd64 compressed oops)
# Failed to write core dump. Core dumps have been disabled. To enable core dumping, try "ulimit -c unlimited" before starting Java again
#
# If you would like to submit a bug report, please visit:
#   http://bugreport.java.com/bugreport/crash.jsp
#

---------------  T H R E A D  ---------------

Current thread (0x00007f825c0be000):  JavaThread "C1 CompilerThread2" daemon [_thread_in_vm, id=4455, stack(0x00007f8241656000,0x00007f8241757000)]

Stack: [0x00007f8241656000,0x00007f8241757000],  sp=0x00007f8241755670,  free space=1021k
Native frames: (J=compiled Java code, j=interpreted, Vv=VM code, C=native code)
V  [libjvm.so+0xac5c2a]  VMError::report_and_die()+0x2ba
V  [libjvm.so+0x4fbc92]  report_vm_error(char const*, int, char const*, char const*)+0x62
V  [libjvm.so+0x8e1f23]  NativeCall::set_destination_mt_safe(unsigned char*)+0x73
V  [libjvm.so+0x4b3894]  CompiledIC::internal_set_ic_destination(unsigned char*, bool, void*, bool)+0x94
V  [libjvm.so+0x62ffd9]  InlineCacheBuffer::create_transition_stub(CompiledIC*, void*, unsigned char*)+0x59
V  [libjvm.so+0x8e8fe2]  nmethod::cleanup_inline_caches()+0x2f2
V  [libjvm.so+0xa2b5e2]  NMethodSweeper::process_nmethod(nmethod*)+0x1c2
V  [libjvm.so+0xa2ba38]  NMethodSweeper::sweep_code_cache()+0x328
V  [libjvm.so+0xa2bda4]  NMethodSweeper::possibly_sweep()+0xb4
V  [libjvm.so+0x4ae375]  CompileQueue::get()+0x15
V  [libjvm.so+0x4b06eb]  CompileBroker::compiler_thread_loop()+0x18b
V  [libjvm.so+0xa742b3]  JavaThread::thread_main_inner()+0x103
V  [libjvm.so+0xa743fc]  JavaThread::run()+0x11c
V  [libjvm.so+0x924ea8]  java_start(Thread*)+0x108
C  [libpthread.so.0+0x8184]  start_thread+0xc4


---------------  P R O C E S S  ---------------

Java Threads: ( => current thread )
  0x00007f8200019800 JavaThread "Stdin handler" [_thread_blocked, id=6318, stack(0x00007f823b8fb000,0x00007f823b9fc000)]
  0x00007f8200019000 JavaThread "Asynchronous log dispatcher for org.gradle.launcher.daemon.server.DefaultDaemonConnection@1f25bd4" [_thread_blocked, id=6317, stack(0x00007f823b9fc000,0x00007f823bafd000)]
  0x00007f81fc009000 JavaThread "Daemon worker Thread 2" [_thread_blocked, id=6316, stack(0x00007f823bbfe000,0x00007f823bcff000)]
  0x00007f81fc003800 JavaThread "Cancel handler" [_thread_blocked, id=6315, stack(0x00007f823bcff000,0x00007f823be00000)]
  0x00007f81fc00b800 JavaThread "Handler for socket connection from /127.0.0.1:48036 to /127.0.0.1:32946" [_thread_in_native, id=6314, stack(0x00007f823bafd000,0x00007f823bbfe000)]
  0x00007f8208014800 JavaThread "Daemon Thread 2" [_thread_blocked, id=6313, stack(0x00007f824002a000,0x00007f824012b000)]
  0x00007f81f8d3b000 JavaThread "pool-2-thread-1" [_thread_blocked, id=4472, stack(0x00007f823a3ab000,0x00007f823a4ac000)]
  0x00007f81f8309000 JavaThread "File lock request listener" [_thread_in_native, id=4469, stack(0x00007f823b182000,0x00007f823b283000)]
  0x00007f825cb87000 JavaThread "Incoming local TCP Connector on port 48036" [_thread_in_native, id=4459, stack(0x00007f8240132000,0x00007f8240233000)]
  0x00007f825cb7a800 JavaThread "pool-1-thread-1" [_thread_blocked, id=4458, stack(0x00007f8240233000,0x00007f8240334000)]
  0x00007f825c0c9000 JavaThread "Service Thread" daemon [_thread_blocked, id=4456, stack(0x00007f8241555000,0x00007f8241656000)]
=>0x00007f825c0be000 JavaThread "C1 CompilerThread2" daemon [_thread_in_vm, id=4455, stack(0x00007f8241656000,0x00007f8241757000)]
  0x00007f825c0bc000 JavaThread "C2 CompilerThread1" daemon [_thread_in_native, id=4454, stack(0x00007f8241757000,0x00007f8241858000)]
  0x00007f825c0b9000 JavaThread "C2 CompilerThread0" daemon [_thread_blocked, id=4453, stack(0x00007f8241858000,0x00007f8241959000)]
  0x00007f825c0b8000 JavaThread "Signal Dispatcher" daemon [_thread_blocked, id=4452, stack(0x00007f8241959000,0x00007f8241a5a000)]
  0x00007f825c084000 JavaThread "Finalizer" daemon [_thread_blocked, id=4450, stack(0x00007f82422ac000,0x00007f82423ad000)]
  0x00007f825c07f800 JavaThread "Reference Handler" daemon [_thread_blocked, id=4449, stack(0x00007f82423ad000,0x00007f82424ae000)]
  0x00007f825c00a000 JavaThread "main" [_thread_blocked, id=4443, stack(0x00007f8261e56000,0x00007f8261f57000)]

Other Threads:
  0x00007f825c078000 VMThread [stack: 0x00007f82424ae000,0x00007f82425af000] [id=4448]
  0x00007f825c0cc000 WatcherThread [stack: 0x00007f8241454000,0x00007f8241555000] [id=4457]

VM state:synchronizing (normal execution)

VM Mutex/Monitor currently owned by a thread:  ([mutex/lock_event])
[0x00007f825c0057f0] Patching_lock - owner thread: 0x00007f825c0be000
[0x00007f825c006270] Threads_lock - owner thread: 0x00007f825c078000
[0x00007f825c0068f0] CompiledIC_lock - owner thread: 0x00007f825c0be000

Heap:
 PSYoungGen      total 159232K, used 49644K [0x00000000e0000000, 0x00000000ed800000, 0x0000000100000000)
  eden space 136704K, 31% used [0x00000000e0000000,0x00000000e2985ec8,0x00000000e8580000)
  from space 22528K, 31% used [0x00000000e8580000,0x00000000e8c751f0,0x00000000e9b80000)
  to   space 21504K, 0% used [0x00000000ec300000,0x00000000ec300000,0x00000000ed800000)
 ParOldGen       total 90624K, used 43208K [0x00000000a0000000, 0x00000000a5880000, 0x00000000e0000000)
  object space 90624K, 47% used [0x00000000a0000000,0x00000000a2a320f0,0x00000000a5880000)
 Metaspace       used 55391K, capacity 57630K, committed 57896K, reserved 1099776K
  class space    used 7698K, capacity 8168K, committed 8232K, reserved 1048576K

Card table byte_map: [0x00007f824b8a7000,0x00007f824bba8000] byte_map_base: 0x00007f824b3a7000

Marking Bits: (ParMarkBitMap*) 0x00007f826132c220
 Begin Bits: [0x00007f82482a3000, 0x00007f8249aa3000)
 End Bits:   [0x00007f8249aa3000, 0x00007f824b2a3000)

Polling page: 0x00007f8261f75000

CodeCache: size=245760Kb used=23503Kb max_used=24145Kb free=222256Kb
 bounds [0x00007f824bf68000, 0x00007f824d718000, 0x00007f825af68000]
 total_blobs=7686 nmethods=6972 adapters=626
 compilation: enabled

Compilation events (10 events):
Event: 1990,131 Thread 0x00007f825c0be000 8107       3       org.codehaus.groovy.runtime.metaclass.ClosureMetaClass::getDelegateMethod (181 bytes)
Event: 1990,132 Thread 0x00007f825c0b9000 nmethod 8092 0x00007f824c220b10 code [0x00007f824c220d20, 0x00007f824c221630]
Event: 1990,133 Thread 0x00007f825c0be000 nmethod 8107 0x00007f824c28de90 code [0x00007f824c28e120, 0x00007f824c28f498]
Event: 1990,133 Thread 0x00007f825c0be000 8100       3       com.google.common.collect.SingletonImmutableList::copyIntoArray (11 bytes)
Event: 1990,133 Thread 0x00007f825c0be000 nmethod 8100 0x00007f824c0c1a10 code [0x00007f824c0c1b80, 0x00007f824c0c1e30]
Event: 1990,133 Thread 0x00007f825c0be000 8096       3       org.gradle.internal.remote.internal.inet.SocketConnection$SocketOutputStream::writeBufferToChannel (30 bytes)
Event: 1990,133 Thread 0x00007f825c0b9000 8105       4       java.util.concurrent.ConcurrentHashMap::get (162 bytes)
Event: 1990,133 Thread 0x00007f825c0be000 nmethod 8096 0x00007f824c0c7e50 code [0x00007f824c0c7fe0, 0x00007f824c0c83a8]
Event: 1990,134 Thread 0x00007f825c0be000 8099       3       org.gradle.api.internal.tasks.DefaultTaskContainer_Decorated::getStore (25 bytes)
Event: 1990,135 Thread 0x00007f825c0be000 nmethod 8099 0x00007f824c283110 code [0x00007f824c2832e0, 0x00007f824c283a08]

GC Heap History (10 events):
Event: 13,356 GC heap before
{Heap before GC invocations=14 (full 2):
 PSYoungGen      total 91648K, used 87937K [0x00000000e0000000, 0x00000000e7f00000, 0x0000000100000000)
  eden space 79872K, 100% used [0x00000000e0000000,0x00000000e4e00000,0x00000000e4e00000)
  from space 11776K, 68% used [0x00000000e4e00000,0x00000000e55e06e0,0x00000000e5980000)
  to   space 11776K, 0% used [0x00000000e7380000,0x00000000e7380000,0x00000000e7f00000)
 ParOldGen       total 90624K, used 15603K [0x00000000a0000000, 0x00000000a5880000, 0x00000000e0000000)
  object space 90624K, 17% used [0x00000000a0000000,0x00000000a0f3cf98,0x00000000a5880000)
 Metaspace       used 45093K, capacity 46378K, committed 46504K, reserved 1089536K
  class space    used 6243K, capacity 6567K, committed 6568K, reserved 1048576K
Event: 13,377 GC heap after
Heap after GC invocations=14 (full 2):
 PSYoungGen      total 116224K, used 11757K [0x00000000e0000000, 0x00000000e8200000, 0x0000000100000000)
  eden space 104448K, 0% used [0x00000000e0000000,0x00000000e0000000,0x00000000e6600000)
  from space 11776K, 99% used [0x00000000e7380000,0x00000000e7efb580,0x00000000e7f00000)
  to   space 13824K, 0% used [0x00000000e6600000,0x00000000e6600000,0x00000000e7380000)
 ParOldGen       total 90624K, used 17169K [0x00000000a0000000, 0x00000000a5880000, 0x00000000e0000000)
  object space 90624K, 18% used [0x00000000a0000000,0x00000000a10c4638,0x00000000a5880000)
 Metaspace       used 45093K, capacity 46378K, committed 46504K, reserved 1089536K
  class space    used 6243K, capacity 6567K, committed 6568K, reserved 1048576K
}
Event: 15,018 GC heap before
{Heap before GC invocations=15 (full 2):
 PSYoungGen      total 116224K, used 116205K [0x00000000e0000000, 0x00000000e8200000, 0x0000000100000000)
  eden space 104448K, 100% used [0x00000000e0000000,0x00000000e6600000,0x00000000e6600000)
  from space 11776K, 99% used [0x00000000e7380000,0x00000000e7efb580,0x00000000e7f00000)
  to   space 13824K, 0% used [0x00000000e6600000,0x00000000e6600000,0x00000000e7380000)
 ParOldGen       total 90624K, used 17169K [0x00000000a0000000, 0x00000000a5880000, 0x00000000e0000000)
  object space 90624K, 18% used [0x00000000a0000000,0x00000000a10c4638,0x00000000a5880000)
 Metaspace       used 50088K, capacity 51698K, committed 52008K, reserved 1093632K
  class space    used 7003K, capacity 7361K, committed 7464K, reserved 1048576K
Event: 15,069 GC heap after
Heap after GC invocations=15 (full 2):
 PSYoungGen      total 118272K, used 13808K [0x00000000e0000000, 0x00000000eae00000, 0x0000000100000000)
  eden space 104448K, 0% used [0x00000000e0000000,0x00000000e0000000,0x00000000e6600000)
  from space 13824K, 99% used [0x00000000e6600000,0x00000000e737c000,0x00000000e7380000)
  to   space 18944K, 0% used [0x00000000e9b80000,0x00000000e9b80000,0x00000000eae00000)
 ParOldGen       total 90624K, used 26960K [0x00000000a0000000, 0x00000000a5880000, 0x00000000e0000000)
  object space 90624K, 29% used [0x00000000a0000000,0x00000000a1a541b8,0x00000000a5880000)
 Metaspace       used 50088K, capacity 51698K, committed 52008K, reserved 1093632K
  class space    used 7003K, capacity 7361K, committed 7464K, reserved 1048576K
}
Event: 15,745 GC heap before
{Heap before GC invocations=16 (full 2):
 PSYoungGen      total 118272K, used 67566K [0x00000000e0000000, 0x00000000eae00000, 0x0000000100000000)
  eden space 104448K, 51% used [0x00000000e0000000,0x00000000e347f9a0,0x00000000e6600000)
  from space 13824K, 99% used [0x00000000e6600000,0x00000000e737c000,0x00000000e7380000)
  to   space 18944K, 0% used [0x00000000e9b80000,0x00000000e9b80000,0x00000000eae00000)
 ParOldGen       total 90624K, used 26960K [0x00000000a0000000, 0x00000000a5880000, 0x00000000e0000000)
  object space 90624K, 29% used [0x00000000a0000000,0x00000000a1a541b8,0x00000000a5880000)
 Metaspace       used 51601K, capacity 53510K, committed 53544K, reserved 1095680K
  class space    used 7266K, capacity 7690K, committed 7720K, reserved 1048576K
Event: 15,773 GC heap after
Heap after GC invocations=16 (full 2):
 PSYoungGen      total 155648K, used 18917K [0x00000000e0000000, 0x00000000eb500000, 0x0000000100000000)
  eden space 136704K, 0% used [0x00000000e0000000,0x00000000e0000000,0x00000000e8580000)
  from space 18944K, 99% used [0x00000000e9b80000,0x00000000eadf9670,0x00000000eae00000)
  to   space 22528K, 0% used [0x00000000e8580000,0x00000000e8580000,0x00000000e9b80000)
 ParOldGen       total 90624K, used 28124K [0x00000000a0000000, 0x00000000a5880000, 0x00000000e0000000)
  object space 90624K, 31% used [0x00000000a0000000,0x00000000a1b77058,0x00000000a5880000)
 Metaspace       used 51601K, capacity 53510K, committed 53544K, reserved 1095680K
  class space    used 7266K, capacity 7690K, committed 7720K, reserved 1048576K
}
Event: 15,773 GC heap before
{Heap before GC invocations=17 (full 3):
 PSYoungGen      total 155648K, used 18917K [0x00000000e0000000, 0x00000000eb500000, 0x0000000100000000)
  eden space 136704K, 0% used [0x00000000e0000000,0x00000000e0000000,0x00000000e8580000)
  from space 18944K, 99% used [0x00000000e9b80000,0x00000000eadf9670,0x00000000eae00000)
  to   space 22528K, 0% used [0x00000000e8580000,0x00000000e8580000,0x00000000e9b80000)
 ParOldGen       total 90624K, used 28124K [0x00000000a0000000, 0x00000000a5880000, 0x00000000e0000000)
  object space 90624K, 31% used [0x00000000a0000000,0x00000000a1b77058,0x00000000a5880000)
 Metaspace       used 51601K, capacity 53510K, committed 53544K, reserved 1095680K
  class space    used 7266K, capacity 7690K, committed 7720K, reserved 1048576K
Event: 16,141 GC heap after
Heap after GC invocations=17 (full 3):
 PSYoungGen      total 155648K, used 0K [0x00000000e0000000, 0x00000000eb500000, 0x0000000100000000)
  eden space 136704K, 0% used [0x00000000e0000000,0x00000000e0000000,0x00000000e8580000)
  from space 18944K, 0% used [0x00000000e9b80000,0x00000000e9b80000,0x00000000eae00000)
  to   space 22528K, 0% used [0x00000000e8580000,0x00000000e8580000,0x00000000e9b80000)
 ParOldGen       total 90624K, used 43200K [0x00000000a0000000, 0x00000000a5880000, 0x00000000e0000000)
  object space 90624K, 47% used [0x00000000a0000000,0x00000000a2a300f0,0x00000000a5880000)
 Metaspace       used 51601K, capacity 53510K, committed 53544K, reserved 1095680K
  class space    used 7266K, capacity 7690K, committed 7720K, reserved 1048576K
}
Event: 26,598 GC heap before
{Heap before GC invocations=18 (full 3):
 PSYoungGen      total 155648K, used 136704K [0x00000000e0000000, 0x00000000eb500000, 0x0000000100000000)
  eden space 136704K, 100% used [0x00000000e0000000,0x00000000e8580000,0x00000000e8580000)
  from space 18944K, 0% used [0x00000000e9b80000,0x00000000e9b80000,0x00000000eae00000)
  to   space 22528K, 0% used [0x00000000e8580000,0x00000000e8580000,0x00000000e9b80000)
 ParOldGen       total 90624K, used 43200K [0x00000000a0000000, 0x00000000a5880000, 0x00000000e0000000)
  object space 90624K, 47% used [0x00000000a0000000,0x00000000a2a300f0,0x00000000a5880000)
 Metaspace       used 54460K, capacity 56610K, committed 56744K, reserved 1097728K
  class space    used 7571K, capacity 8024K, committed 8104K, reserved 1048576K
Event: 26,618 GC heap after
Heap after GC invocations=18 (full 3):
 PSYoungGen      total 159232K, used 7124K [0x00000000e0000000, 0x00000000ed800000, 0x0000000100000000)
  eden space 136704K, 0% used [0x00000000e0000000,0x00000000e0000000,0x00000000e8580000)
  from space 22528K, 31% used [0x00000000e8580000,0x00000000e8c751f0,0x00000000e9b80000)
  to   space 21504K, 0% used [0x00000000ec300000,0x00000000ec300000,0x00000000ed800000)
 ParOldGen       total 90624K, used 43208K [0x00000000a0000000, 0x00000000a5880000, 0x00000000e0000000)
  object space 90624K, 47% used [0x00000000a0000000,0x00000000a2a320f0,0x00000000a5880000)
 Metaspace       used 54460K, capacity 56610K, committed 56744K, reserved 1097728K
  class space    used 7571K, capacity 8024K, committed 8104K, reserved 1048576K
}

Deoptimization events (10 events):
Event: 121,673 Thread 0x00007f825cb7a800 Uncommon trap: reason=bimorphic action=maybe_recompile pc=0x00007f824d46fdc8 method=java.util.HashMap.removeNode(ILjava/lang/Object;Ljava/lang/Object;ZZ)Ljava/util/HashMap$Node; @ 283
Event: 121,677 Thread 0x00007f825cb7a800 Uncommon trap: reason=speculate_class_check action=maybe_recompile pc=0x00007f824d5aea48 method=java.util.AbstractList.listIterator()Ljava/util/ListIterator; @ 2
Event: 181,673 Thread 0x00007f825cb7a800 Uncommon trap: reason=bimorphic action=maybe_recompile pc=0x00007f824d46fdc8 method=java.util.HashMap.removeNode(ILjava/lang/Object;Ljava/lang/Object;ZZ)Ljava/util/HashMap$Node; @ 283
Event: 181,677 Thread 0x00007f825cb7a800 Uncommon trap: reason=speculate_class_check action=maybe_recompile pc=0x00007f824d5aea48 method=java.util.AbstractList.listIterator()Ljava/util/ListIterator; @ 2
Event: 241,673 Thread 0x00007f825cb7a800 Uncommon trap: reason=bimorphic action=maybe_recompile pc=0x00007f824d46fdc8 method=java.util.HashMap.removeNode(ILjava/lang/Object;Ljava/lang/Object;ZZ)Ljava/util/HashMap$Node; @ 283
Event: 241,677 Thread 0x00007f825cb7a800 Uncommon trap: reason=speculate_class_check action=maybe_recompile pc=0x00007f824d5aea48 method=java.util.AbstractList.listIterator()Ljava/util/ListIterator; @ 2
Event: 301,673 Thread 0x00007f825cb7a800 Uncommon trap: reason=bimorphic action=maybe_recompile pc=0x00007f824d46fdc8 method=java.util.HashMap.removeNode(ILjava/lang/Object;Ljava/lang/Object;ZZ)Ljava/util/HashMap$Node; @ 283
Event: 1021,674 Thread 0x00007f825cb7a800 Uncommon trap: reason=null_check action=make_not_entrant pc=0x00007f824cd10204 method=java.io.ObjectStreamClass.getField(Ljava/lang/String;Ljava/lang/Class;)Ljava/io/ObjectStreamField; @ 67
Event: 1990,061 Thread 0x00007f81fc00b800 Uncommon trap: reason=unstable_if action=reinterpret pc=0x00007f824d0f4608 method=java.io.ObjectStreamClass$FieldReflector.setObjFieldValues(Ljava/lang/Object;[Ljava/lang/Object;)V @ 92
Event: 1990,061 Thread 0x00007f81fc00b800 Uncommon trap: reason=unstable_if action=reinterpret pc=0x00007f824d0f4608 method=java.io.ObjectStreamClass$FieldReflector.setObjFieldValues(Ljava/lang/Object;[Ljava/lang/Object;)V @ 92

Internal exceptions (10 events):
Event: 25,154 Thread 0x00007f81fc00b800 Exception <a 'java/lang/NoSuchMethodError': <clinit>> (0x00000000e6b2fbd0) thrown at [/HUDSON3/workspace/8-2-build-linux-amd64/jdk8u111/7883/hotspot/src/share/vm/prims/jni.cpp, line 1613]
Event: 25,192 Thread 0x00007f81fc00b800 Exception <a 'java/lang/NoSuchMethodError': <clinit>> (0x00000000e6c2ccc0) thrown at [/HUDSON3/workspace/8-2-build-linux-amd64/jdk8u111/7883/hotspot/src/share/vm/prims/jni.cpp, line 1613]
Event: 25,194 Thread 0x00007f81fc00b800 Exception <a 'java/lang/NoSuchMethodError': <clinit>> (0x00000000e6c454d0) thrown at [/HUDSON3/workspace/8-2-build-linux-amd64/jdk8u111/7883/hotspot/src/share/vm/prims/jni.cpp, line 1613]
Event: 25,194 Thread 0x00007f81fc00b800 Exception <a 'java/lang/NoSuchMethodError': <clinit>> (0x00000000e6c469e8) thrown at [/HUDSON3/workspace/8-2-build-linux-amd64/jdk8u111/7883/hotspot/src/share/vm/prims/jni.cpp, line 1613]
Event: 609,375 Thread 0x00007f81f8d3b000 Exception <a 'sun/nio/fs/UnixException'> (0x00000000e1ab68e0) thrown at [/HUDSON3/workspace/8-2-build-linux-amd64/jdk8u111/7883/hotspot/src/share/vm/prims/jni.cpp, line 709]
Event: 624,545 Thread 0x00007f81f8d3b000 Exception <a 'sun/nio/fs/UnixException'> (0x00000000e1ab8410) thrown at [/HUDSON3/workspace/8-2-build-linux-amd64/jdk8u111/7883/hotspot/src/share/vm/prims/jni.cpp, line 709]
Event: 1990,061 Thread 0x00007f81fc00b800 Implicit null exception at 0x00007f824d0f189b to 0x00007f824d0f45c9
Event: 1990,061 Thread 0x00007f81fc00b800 Implicit null exception at 0x00007f824d0f189b to 0x00007f824d0f45c9
Event: 1990,106 Thread 0x00007f81fc009000 Exception <a 'java/lang/ClassNotFoundException': asLocalRepo2_7k6mmz32agpq91c68okz6edloBeanInfo> (0x00000000e274a5a0) thrown at [/HUDSON3/workspace/8-2-build-linux-amd64/jdk8u111/7883/hotspot/src/share/vm/classfile/systemDictionary.cpp, line 210]
Event: 1990,106 Thread 0x00007f81fc009000 Exception <a 'java/lang/ClassNotFoundException': asLocalRepo2_7k6mmz32agpq91c68okz6edloCustomizer> (0x00000000e27546f8) thrown at [/HUDSON3/workspace/8-2-build-linux-amd64/jdk8u111/7883/hotspot/src/share/vm/classfile/systemDictionary.cpp, line 210]

Events (10 events):
Event: 1990,134 Executing VM operation: RevokeBias
Event: 1990,134 Executing VM operation: RevokeBias done
Event: 1990,134 Thread 0x00007f825c0be000 flushing nmethod 0x00007f824cb9d490
Event: 1990,134 Thread 0x00007f825c0be000 flushing nmethod 0x00007f824cbca0d0
Event: 1990,134 Executing VM operation: RevokeBias
Event: 1990,134 Executing VM operation: RevokeBias done
Event: 1990,135 Thread 0x00007f825c0be000 flushing nmethod 0x00007f824cc42050
Event: 1990,135 Executing VM operation: RevokeBias
Event: 1990,135 Executing VM operation: RevokeBias done
Event: 1990,135 Thread 0x00007f825c0be000 flushing nmethod 0x00007f824cc72710


Dynamic libraries:
00400000-00401000 r-xp 00000000 08:05 9710805                            /usr/lib/jvm/java-8-oracle/bin/java
00600000-00601000 rw-p 00000000 08:05 9710805                            /usr/lib/jvm/java-8-oracle/bin/java
019e6000-01a07000 rw-p 00000000 00:00 0                                  [heap]
a0000000-a5880000 rw-p 00000000 00:00 0 
a5880000-e0000000 ---p 00000000 00:00 0 
e0000000-ed800000 rw-p 00000000 00:00 0 
ed800000-100000000 ---p 00000000 00:00 0 
100000000-10080a000 rw-p 00000000 00:00 0 
10080a000-140000000 ---p 00000000 00:00 0 
7f81c4000000-7f81c4021000 rw-p 00000000 00:00 0 
7f81c4021000-7f81c8000000 ---p 00000000 00:00 0 
7f81cc000000-7f81cc021000 rw-p 00000000 00:00 0 
7f81cc021000-7f81d0000000 ---p 00000000 00:00 0 
7f81d0000000-7f81d0021000 rw-p 00000000 00:00 0 
7f81d0021000-7f81d4000000 ---p 00000000 00:00 0 
7f81d4000000-7f81d4021000 rw-p 00000000 00:00 0 
7f81d4021000-7f81d8000000 ---p 00000000 00:00 0 
7f81d8000000-7f81d8021000 rw-p 00000000 00:00 0 
7f81d8021000-7f81dc000000 ---p 00000000 00:00 0 
7f81dc000000-7f81dc021000 rw-p 00000000 00:00 0 
7f81dc021000-7f81e0000000 ---p 00000000 00:00 0 
7f81e0000000-7f81e0021000 rw-p 00000000 00:00 0 
7f81e0021000-7f81e4000000 ---p 00000000 00:00 0 
7f81e4000000-7f81e4021000 rw-p 00000000 00:00 0 
7f81e4021000-7f81e8000000 ---p 00000000 00:00 0 
7f81e8000000-7f81e8021000 rw-p 00000000 00:00 0 
7f81e8021000-7f81ec000000 ---p 00000000 00:00 0 
7f81ec000000-7f81ec021000 rw-p 00000000 00:00 0 
7f81ec021000-7f81f0000000 ---p 00000000 00:00 0 
7f81f0000000-7f81f0021000 rw-p 00000000 00:00 0 
7f81f0021000-7f81f4000000 ---p 00000000 00:00 0 
7f81f4000000-7f81f4021000 rw-p 00000000 00:00 0 
7f81f4021000-7f81f8000000 ---p 00000000 00:00 0 
7f81f8000000-7f81f95b1000 rw-p 00000000 00:00 0 
7f81f95b1000-7f81fc000000 ---p 00000000 00:00 0 
7f81fc000000-7f81fc296000 rw-p 00000000 00:00 0 
7f81fc296000-7f8200000000 ---p 00000000 00:00 0 
7f8200000000-7f8200061000 rw-p 00000000 00:00 0 
7f8200061000-7f8204000000 ---p 00000000 00:00 0 
7f8204000000-7f8204021000 rw-p 00000000 00:00 0 
7f8204021000-7f8208000000 ---p 00000000 00:00 0 
7f8208000000-7f8208067000 rw-p 00000000 00:00 0 
7f8208067000-7f820c000000 ---p 00000000 00:00 0 
7f820c000000-7f820c021000 rw-p 00000000 00:00 0 
7f820c021000-7f8210000000 ---p 00000000 00:00 0 
7f8210000000-7f8210021000 rw-p 00000000 00:00 0 
7f8210021000-7f8214000000 ---p 00000000 00:00 0 
7f8214000000-7f82161aa000 rw-p 00000000 00:00 0 
7f82161aa000-7f8218000000 ---p 00000000 00:00 0 
7f8218000000-7f8219070000 rw-p 00000000 00:00 0 
7f8219070000-7f821c000000 ---p 00000000 00:00 0 
7f821c000000-7f821c021000 rw-p 00000000 00:00 0 
7f821c021000-7f8220000000 ---p 00000000 00:00 0 
7f8220000000-7f822216e000 rw-p 00000000 00:00 0 
7f822216e000-7f8224000000 ---p 00000000 00:00 0 
7f8224000000-7f8224021000 rw-p 00000000 00:00 0 
7f8224021000-7f8228000000 ---p 00000000 00:00 0 
7f8228000000-7f8228021000 rw-p 00000000 00:00 0 
7f8228021000-7f822c000000 ---p 00000000 00:00 0 
7f822c000000-7f822c027000 rw-p 00000000 00:00 0 
7f822c027000-7f8230000000 ---p 00000000 00:00 0 
7f8230000000-7f823008a000 rw-p 00000000 00:00 0 
7f823008a000-7f8234000000 ---p 00000000 00:00 0 
7f8234000000-7f8234029000 rw-p 00000000 00:00 0 
7f8234029000-7f8238000000 ---p 00000000 00:00 0 
7f8238590000-7f8238612000 rw-p 00000000 00:00 0 
7f8238612000-7f8238795000 ---p 00000000 00:00 0 
7f8238795000-7f8238893000 rw-p 00000000 00:00 0 
7f8238893000-7f8238896000 ---p 00000000 00:00 0 
7f8238896000-7f8238994000 rw-p 00000000 00:00 0 
7f8238994000-7f8238997000 ---p 00000000 00:00 0 
7f8238997000-7f8238a95000 rw-p 00000000 00:00 0 
7f8238a95000-7f8238a98000 ---p 00000000 00:00 0 
7f8238a98000-7f8238b96000 rw-p 00000000 00:00 0 
7f8238b96000-7f8238b99000 ---p 00000000 00:00 0 
7f8238b99000-7f8238c97000 rw-p 00000000 00:00 0 
7f8238c97000-7f8238c9a000 ---p 00000000 00:00 0 
7f8238c9a000-7f8238f98000 rw-p 00000000 00:00 0 
7f8238f98000-7f8239198000 rw-p 00000000 00:00 0 
7f8239198000-7f8239398000 rw-p 00000000 00:00 0 
7f8239398000-7f8239598000 rw-p 00000000 00:00 0 
7f8239598000-7f8239798000 rw-p 00000000 00:00 0 
7f8239798000-7f8239998000 rw-p 00000000 00:00 0 
7f8239998000-7f8239b98000 rw-p 00000000 00:00 0 
7f8239b98000-7f8239bab000 r--s 00345000 08:05 9703344                    /usr/lib/jvm/java-8-oracle/jre/lib/resources.jar
7f8239bab000-7f8239dab000 rw-p 00000000 00:00 0 
7f8239dab000-7f8239fab000 rw-p 00000000 00:00 0 
7f8239fab000-7f823a1ab000 rw-p 00000000 00:00 0 
7f823a1ab000-7f823a3ab000 rw-p 00000000 00:00 0 
7f823a3ab000-7f823a3ae000 ---p 00000000 00:00 0 
7f823a3ae000-7f823a4ac000 rw-p 00000000 00:00 0                          [stack:4472]
7f823a4ac000-7f823a4d7000 r--s 001fc000 08:05 5644897                    /home/asiantech/android-studio/gradle/m2repository/com/google/guava/guava/18.0/guava-18.0.jar
7f823a4d7000-7f823a4d8000 r--s 00001000 08:05 5898432                    /home/asiantech/android-studio/gradle/m2repository/com/android/tools/annotations/25.2.1/annotations-25.2.1.jar
7f823a4d8000-7f823a4ea000 r--s 000b3000 08:05 6428130                    /home/asiantech/android-studio/gradle/m2repository/com/android/tools/external/com-intellij/uast/145.597.3/uast-145.597.3.jar
7f823a4ea000-7f823a4f2000 r--s 000a8000 08:05 5506508                    /home/asiantech/android-studio/gradle/m2repository/com/android/tools/external/lombok/lombok-ast/0.2.3/lombok-ast-0.2.3.jar
7f823a4f2000-7f823a4f4000 r--s 0000d000 08:05 5506767                    /home/asiantech/android-studio/gradle/m2repository/commons-codec/commons-codec/1.4/commons-codec-1.4.jar
7f823a4f4000-7f823a4f6000 r--s 0000d000 08:05 5506172                    /home/asiantech/android-studio/gradle/m2repository/commons-logging/commons-logging/1.1.1/commons-logging-1.1.1.jar
7f823a4f6000-7f823a4fb000 r--s 00028000 08:05 5506250                    /home/asiantech/android-studio/gradle/m2repository/org/apache/httpcomponents/httpcore/4.1/httpcore-4.1.jar
7f823a4fb000-7f823a4ff000 r--s 0002f000 08:05 5774666                    /home/asiantech/android-studio/gradle/m2repository/com/google/jimfs/jimfs/1.1/jimfs-1.1.jar
7f823a4ff000-7f823a500000 r--s 00004000 08:05 5506722                    /home/asiantech/android-studio/gradle/m2repository/com/intellij/annotations/12.0/annotations-12.0.jar
7f823a500000-7f823a501000 r--s 00004000 08:05 5508275                    /home/asiantech/android-studio/gradle/m2repository/org/ow2/asm/asm-analysis/5.0.4/asm-analysis-5.0.4.jar
7f823a501000-7f823a505000 r--s 0003b000 08:05 6686434                    /home/asiantech/android-studio/gradle/m2repository/com/android/tools/lint/lint-api/25.2.1/lint-api-25.2.1.jar
7f823a505000-7f823a506000 r--s 0000a000 08:05 5506760                    /home/asiantech/android-studio/gradle/m2repository/net/sf/kxml/kxml2/2.3.0/kxml2-2.3.0.jar
7f823a506000-7f823a508000 r--s 00005000 08:05 5506243                    /home/asiantech/android-studio/gradle/m2repository/org/apache/httpcomponents/httpmime/4.1/httpmime-4.1.jar
7f823a508000-7f823a510000 r--s 0004e000 08:05 5506259                    /home/asiantech/android-studio/gradle/m2repository/org/apache/httpcomponents/httpclient/4.1.1/httpclient-4.1.1.jar
7f823a510000-7f823a517000 r--s 00053000 08:05 5506267                    /home/asiantech/android-studio/gradle/m2repository/org/apache/commons/commons-compress/1.8.1/commons-compress-1.8.1.jar
7f823a517000-7f823a51c000 r--s 0002a000 08:05 5506439                    /home/asiantech/android-studio/gradle/m2repository/com/google/code/gson/gson/2.2.4/gson-2.2.4.jar
7f823a51c000-7f823a521000 r--s 0002d000 08:05 6428139                    /home/asiantech/android-studio/gradle/m2repository/com/android/tools/repository/25.2.1/repository-25.2.1.jar
7f823a521000-7f823a522000 r--s 00005000 08:05 6297138                    /home/asiantech/android-studio/gradle/m2repository/com/android/tools/dvlib/25.2.1/dvlib-25.2.1.jar
7f823a522000-7f823a525000 r--s 00014000 08:05 6165970                    /home/asiantech/android-studio/gradle/m2repository/com/android/tools/layoutlib/layoutlib-api/25.2.1/layoutlib-api-25.2.1.jar
7f823a525000-7f823a52a000 r--s 00058000 08:05 5506368                    /home/asiantech/android-studio/gradle/m2repository/org/ow2/asm/asm-debug-all/5.0.1/asm-debug-all-5.0.1.jar
7f823a52a000-7f823a53a000 r--s 000d6000 08:05 5506735                    /home/asiantech/android-studio/gradle/m2repository/net/sf/proguard/proguard-base/5.2.1/proguard-base-5.2.1.jar
7f823a53a000-7f823a53d000 r--s 00033000 08:05 5506421                    /home/asiantech/android-studio/gradle/m2repository/com/googlecode/juniversalchardet/juniversalchardet/1.0.3/juniversalchardet-1.0.3.jar
7f823a53d000-7f823a541000 r--s 0002a000 08:05 5506179                    /home/asiantech/android-studio/gradle/m2repository/commons-io/commons-io/2.4/commons-io-2.4.jar
7f823a541000-7f823a558000 r--s 00154000 08:05 5644876                    /home/asiantech/android-studio/gradle/m2repository/org/antlr/antlr4/4.5.3/antlr4-4.5.3.jar
7f823a558000-7f823a559000 r--s 00002000 08:05 5774673                    /home/asiantech/android-studio/gradle/m2repository/com/android/databinding/baseLibrary/2.2.1/baseLibrary-2.2.1.jar
7f823a559000-7f823a56c000 r--s 00236000 08:05 5637248                    /home/asiantech/android-studio/gradle/m2repository/org/eclipse/jdt/core/compiler/ecj/4.5.1/ecj-4.5.1.jar
7f823a56c000-7f823a573000 r--s 000c3000 08:05 6686416                    /home/asiantech/android-studio/gradle/m2repository/com/android/tools/lint/lint-checks/25.2.1/lint-checks-25.2.1.jar
7f823a573000-7f823a575000 r--s 00006000 08:05 5508278                    /home/asiantech/android-studio/gradle/m2repository/org/ow2/asm/asm-tree/5.0.4/asm-tree-5.0.4.jar
7f823a575000-7f823a5a8000 r--s 00203000 08:05 5506304                    /home/asiantech/android-studio/gradle/m2repository/org/bouncycastle/bcprov-jdk15on/1.48/bcprov-jdk15on-1.48.jar
7f823a5a8000-7f823a5b6000 r--s 00081000 08:05 5506298                    /home/asiantech/android-studio/gradle/m2repository/org/bouncycastle/bcpkix-jdk15on/1.48/bcpkix-jdk15on-1.48.jar
7f823a5b6000-7f823a5b8000 r--s 00002000 08:05 5506428                    /home/asiantech/android-studio/gradle/m2repository/com/squareup/javawriter/2.5.0/javawriter-2.5.0.jar
7f823a5b8000-7f823a5b9000 r--s 00002000 08:05 6428146                    /home/asiantech/android-studio/gradle/m2repository/com/android/tools/analytics-library/tracker/25.2.1/tracker-25.2.1.jar
7f823a5b9000-7f823a5bb000 r--s 00003000 08:05 6556987                    /home/asiantech/android-studio/gradle/m2repository/com/android/tools/analytics-library/shared/25.2.1/shared-25.2.1.jar
7f823a5bb000-7f823a5c8000 r--s 000ed000 08:05 6428153                    /home/asiantech/android-studio/gradle/m2repository/com/android/tools/analytics-library/protos/25.2.1/protos-25.2.1.jar
7f823a5c8000-7f823a5c9000 r--s 00001000 08:05 5506679                    /home/asiantech/android-studio/gradle/m2repository/com/android/tools/jill/jill-api/0.10.0/jill-api-0.10.0.jar
7f823a5c9000-7f823a5cb000 r--s 00003000 08:05 6686446                    /home/asiantech/android-studio/gradle/m2repository/com/android/tools/jack/jack-api/0.11.0/jack-api-0.11.0.jar
7f823a5cb000-7f823a5d0000 r--s 0004a000 08:05 6297118                    /home/asiantech/android-studio/gradle/m2repository/com/android/tools/ddms/ddmlib/25.2.1/ddmlib-25.2.1.jar
7f823a5d0000-7f823a5d3000 r--s 00021000 08:05 6039228                    /home/asiantech/android-studio/gradle/m2repository/com/android/tools/build/manifest-merger/25.2.1/manifest-merger-25.2.1.jar
7f823a5d3000-7f823a5d5000 r--s 0001c000 08:05 6686454                    /home/asiantech/android-studio/gradle/m2repository/com/android/tools/common/25.2.1/common-25.2.1.jar
7f823a5d5000-7f823a5de000 r--s 00083000 08:05 6165979                    /home/asiantech/android-studio/gradle/m2repository/com/android/tools/sdk-common/25.2.1/sdk-common-25.2.1.jar
7f823a5de000-7f823a5e9000 r--s 0008e000 08:05 6686443                    /home/asiantech/android-studio/gradle/m2repository/com/android/tools/sdklib/25.2.1/sdklib-25.2.1.jar
7f823a5e9000-7f823a5ea000 r--s 00002000 08:05 5898456                    /home/asiantech/android-studio/gradle/m2repository/com/android/tools/build/builder-test-api/2.2.1/builder-test-api-2.2.1.jar
7f823a5ea000-7f823a5ed000 r--s 00005000 08:05 6165948                    /home/asiantech/android-studio/gradle/m2repository/com/android/tools/build/builder-model/2.2.1/builder-model-2.2.1.jar
7f823a5ed000-7f823a5f5000 r--s 0007b000 08:05 5774655                    /home/asiantech/android-studio/gradle/m2repository/com/google/protobuf/protobuf-java/2.5.0/protobuf-java-2.5.0.jar
7f823a5f5000-7f823a5f7000 r--s 0000f000 08:05 6686459                    /home/asiantech/android-studio/gradle/m2repository/net/sf/jopt-simple/jopt-simple/4.9/jopt-simple-4.9.jar
7f823a5f7000-7f823a5fb000 r--s 0001f000 08:05 5644892                    /home/asiantech/android-studio/gradle/m2repository/org/jacoco/org.jacoco.report/0.7.5.201505241946/org.jacoco.report-0.7.5.201505241946.jar
7f823a5fb000-7f823a5ff000 r--s 0001d000 08:05 5644882                    /home/asiantech/android-studio/gradle/m2repository/org/jacoco/org.jacoco.core/0.7.5.201505241946/org.jacoco.core-0.7.5.201505241946.jar
7f823a5ff000-7f823a600000 r--s 00002000 08:05 5506746                    /home/asiantech/android-studio/gradle/m2repository/net/sf/proguard/proguard-gradle/5.2.1/proguard-gradle-5.2.1.jar
7f823a600000-7f823a602000 r--s 00009000 08:05 5508281                    /home/asiantech/android-studio/gradle/m2repository/org/ow2/asm/asm-commons/5.0.4/asm-commons-5.0.4.jar
7f823a602000-7f823a604000 r--s 0000c000 08:05 5637220                    /home/asiantech/android-studio/gradle/m2repository/org/ow2/asm/asm/5.0.4/asm-5.0.4.jar
7f823a604000-7f823a608000 r--s 0002b000 08:05 5644900                    /home/asiantech/android-studio/gradle/m2repository/com/android/databinding/compilerCommon/2.2.1/compilerCommon-2.2.1.jar
7f823a608000-7f823a609000 r--s 00002000 08:05 6039217                    /home/asiantech/android-studio/gradle/m2repository/com/android/tools/build/gradle-api/2.2.1/gradle-api-2.2.1.jar
7f823a609000-7f823a60a000 r--s 00000000 08:05 5506649                    /home/asiantech/android-studio/gradle/m2repository/com/android/tools/build/transform-api/2.0.0-deprecated-use-gradle-api/transform-api-2.0.0-deprecated-use-gradle-api.jar
7f823a60a000-7f823a60f000 r--s 00053000 08:05 6686424                    /home/asiantech/android-studio/gradle/m2repository/com/android/tools/lint/lint/25.2.1/lint-25.2.1.jar
7f823a60f000-7f823a626000 r--s 0015d000 08:05 5898447                    /home/asiantech/android-studio/gradle/m2repository/com/android/tools/build/builder/2.2.1/builder-2.2.1.jar
7f823a626000-7f823a642000 r--s 0019d000 08:05 6039235                    /home/asiantech/android-studio/gradle/m2repository/com/android/tools/build/gradle-core/2.2.1/gradle-core-2.2.1.jar
7f823a642000-7f823a842000 rw-p 00000000 00:00 0 
7f823a842000-7f823aa42000 rw-p 00000000 00:00 0 
7f823aa42000-7f823ac42000 rw-p 00000000 00:00 0 
7f823ac42000-7f823ac47000 r--s 00034000 08:05 5636986                    /home/asiantech/android-studio/lib/gson-2.5.jar
7f823ac47000-7f823ac6f000 r--s 001cf000 08:05 5506903                    /home/asiantech/android-studio/plugins/gradle/lib/guava-jdk5-17.0.jar
7f823ac6f000-7f823ae6f000 rw-p 00000000 00:00 0 
7f823ae6f000-7f823aedf000 r--s 00643000 08:05 5637152                    /home/asiantech/android-studio/lib/groovy-all-2.4.6.jar
7f823aedf000-7f823af16000 r--s 001bd000 08:05 6165986                    /home/asiantech/.gradle/caches/jars-1/2xkn8y4g49ep3x2f5cg5s5a2xqtca3v/gradle-core-2.14.1.jar
7f823af16000-7f823af3e000 r--s 001cf000 08:05 6163908                    /home/asiantech/.gradle/caches/jars-1/87eo0lrvp84r6dbxjq018wy66es2era/guava-jdk5-17.0.jar
7f823af3e000-7f823af40000 r--s 0000d000 08:05 6165958                    /home/asiantech/android-studio/gradle/m2repository/com/android/tools/build/gradle/2.2.1/gradle-2.2.1.jar
7f823af40000-7f823af41000 r--s 00002000 08:05 5637151                    /home/asiantech/android-studio/lib/external-system-rt.jar
7f823af41000-7f823af44000 ---p 00000000 00:00 0 
7f823af44000-7f823af7a000 rw-p 00000000 00:00 0 
7f823af7a000-7f823af7b000 r--p 00000000 00:00 0 
7f823af7b000-7f823af80000 r--s 00076000 08:05 5506914                    /home/asiantech/android-studio/plugins/gradle/lib/gradle-tooling-extension-impl.jar
7f823af80000-7f823af82000 r--s 0000a000 08:05 5506925                    /home/asiantech/android-studio/plugins/gradle/lib/gradle-tooling-extension-api.jar
7f823af82000-7f823b182000 rw-p 00000000 00:00 0 
7f823b182000-7f823b185000 ---p 00000000 00:00 0 
7f823b185000-7f823b483000 rw-p 00000000 00:00 0                          [stack:4469]
7f823b483000-7f823b683000 rw-p 00000000 00:00 0 
7f823b683000-7f823b6fb000 r--s 010e6000 08:05 9705753                    /usr/lib/jvm/java-8-oracle/lib/tools.jar
7f823b6fb000-7f823b8fb000 rw-p 00000000 00:00 0 
7f823b8fb000-7f823b8fe000 ---p 00000000 00:00 0 
7f823b8fe000-7f823b9fc000 rw-p 00000000 00:00 0                          [stack:6318]
7f823b9fc000-7f823b9ff000 ---p 00000000 00:00 0 
7f823b9ff000-7f823bafd000 rw-p 00000000 00:00 0                          [stack:6317]
7f823bafd000-7f823bb00000 ---p 00000000 00:00 0 
7f823bb00000-7f823bbfe000 rw-p 00000000 00:00 0                          [stack:6314]
7f823bbfe000-7f823bc01000 ---p 00000000 00:00 0 
7f823bc01000-7f823bcff000 rw-p 00000000 00:00 0                          [stack:6316]
7f823bcff000-7f823bd02000 ---p 00000000 00:00 0 
7f823bd02000-7f823c000000 rw-p 00000000 00:00 0                          [stack:6315]
7f823c000000-7f823c02f000 rw-p 00000000 00:00 0 
7f823c02f000-7f8240000000 ---p 00000000 00:00 0 
7f8240000000-7f8240001000 r--s 00000000 08:05 6163916                    /home/asiantech/.gradle/caches/jars-1/dg22azhabc6tsc1i8xni15giz1bnssh/gradle-appengine-builder-model-0.1.0.jar
7f8240001000-7f8240004000 r--s 00005000 08:05 6165994                    /home/asiantech/.gradle/caches/jars-1/aembewtwr3e7s6a0xkzh7au0nqprc8i/builder-model-2.2.0-alpha6.jar
7f8240004000-7f8240005000 r--s 00002000 08:05 6558117                    /home/asiantech/.gradle/caches/jars-1/9pat4a2vl3jrskpg2kra342ensd6e7/external-system-rt.jar
7f8240005000-7f8240007000 r--s 0000a000 08:05 6422593                    /home/asiantech/.gradle/caches/jars-1/411vq8j40nmkhjbby7ci72fm3i2jnfb/gradle-tooling-extension-api.jar
7f8240007000-7f8240014000 r--s 0017f000 08:05 6422591                    /home/asiantech/.gradle/caches/jars-1/k645wab4rd5a5h570wgy6nyiiaa7avd/velocity.jar
7f8240014000-7f824001c000 r--s 0003a000 08:05 6165984                    /home/asiantech/.gradle/caches/jars-1/fdivu3ta8l5xdemt5omuo26ei8xpixu/gradle-base-services-2.14.1.jar
7f824001c000-7f824002a000 r--s 0004f000 08:05 6165982                    /home/asiantech/.gradle/caches/jars-1/lx7cd34m09bn56fdke7xikr221f6475/gradle-tooling-api-2.14.1.jar
7f824002a000-7f824002d000 ---p 00000000 00:00 0 
7f824002d000-7f824012b000 rw-p 00000000 00:00 0                          [stack:6313]
7f824012b000-7f8240132000 r--s 00000000 08:05 10097050                   /usr/lib/x86_64-linux-gnu/gconv/gconv-modules.cache
7f8240132000-7f8240135000 ---p 00000000 00:00 0 
7f8240135000-7f8240233000 rw-p 00000000 00:00 0                          [stack:4459]
7f8240233000-7f8240236000 ---p 00000000 00:00 0 
7f8240236000-7f8240334000 rw-p 00000000 00:00 0                          [stack:4458]
7f8240334000-7f824033d000 r-xp 00000000 08:05 9705584                    /usr/lib/jvm/java-8-oracle/jre/lib/amd64/libmanagement.so
7f824033d000-7f824053c000 ---p 00009000 08:05 9705584                    /usr/lib/jvm/java-8-oracle/jre/lib/amd64/libmanagement.so
7f824053c000-7f824053d000 rw-p 00008000 08:05 9705584                    /usr/lib/jvm/java-8-oracle/jre/lib/amd64/libmanagement.so
7f824053d000-7f8240541000 r--s 00097000 08:05 9705664                    /usr/lib/jvm/java-8-oracle/jre/lib/jsse.jar
7f8240541000-7f8240543000 r--s 00007000 08:05 7609894                    /home/asiantech/.gradle/wrapper/dists/gradle-2.14.1-all/8bnwg5hd3w55iofp58khbp6yv/gradle-2.14.1/lib/plugins/gradle-tooling-api-builders-2.14.1.jar
7f8240543000-7f8240546000 r--s 00008000 08:05 7609887                    /home/asiantech/.gradle/wrapper/dists/gradle-2.14.1-all/8bnwg5hd3w55iofp58khbp6yv/gradle-2.14.1/lib/plugins/gradle-testing-native-2.14.1.jar
7f8240546000-7f8240548000 r--s 00009000 08:05 7609966                    /home/asiantech/.gradle/wrapper/dists/gradle-2.14.1-all/8bnwg5hd3w55iofp58khbp6yv/gradle-2.14.1/lib/plugins/hamcrest-core-1.3.jar
7f8240548000-7f824054e000 r--s 00033000 08:05 7609960                    /home/asiantech/.gradle/wrapper/dists/gradle-2.14.1-all/8bnwg5hd3w55iofp58khbp6yv/gradle-2.14.1/lib/plugins/snakeyaml-1.6.jar
7f824054e000-7f8240550000 r--s 00006000 08:05 7609959                    /home/asiantech/.gradle/wrapper/dists/gradle-2.14.1-all/8bnwg5hd3w55iofp58khbp6yv/gradle-2.14.1/lib/plugins/jcommander-1.12.jar
7f8240550000-7f8240555000 r--s 00040000 08:05 7609958                    /home/asiantech/.gradle/wrapper/dists/gradle-2.14.1-all/8bnwg5hd3w55iofp58khbp6yv/gradle-2.14.1/lib/plugins/bsh-2.0b4.jar
7f8240555000-7f824055e000 r--s 00089000 08:05 7609917                    /home/asiantech/.gradle/wrapper/dists/gradle-2.14.1-all/8bnwg5hd3w55iofp58khbp6yv/gradle-2.14.1/lib/plugins/testng-6.3.1.jar
7f824055e000-7f8240566000 r--s 00045000 08:05 7609916                    /home/asiantech/.gradle/wrapper/dists/gradle-2.14.1-all/8bnwg5hd3w55iofp58khbp6yv/gradle-2.14.1/lib/plugins/junit-4.12.jar
7f8240566000-7f824056c000 r--s 0002e000 08:05 7609888                    /home/asiantech/.gradle/wrapper/dists/gradle-2.14.1-all/8bnwg5hd3w55iofp58khbp6yv/gradle-2.14.1/lib/plugins/gradle-testing-jvm-2.14.1.jar
7f824056c000-7f8240571000 r--s 00015000 08:05 7609886                    /home/asiantech/.gradle/wrapper/dists/gradle-2.14.1-all/8bnwg5hd3w55iofp58khbp6yv/gradle-2.14.1/lib/plugins/gradle-testing-base-2.14.1.jar
7f8240571000-7f8240572000 r--s 00002000 08:05 7609910                    /home/asiantech/.gradle/wrapper/dists/gradle-2.14.1-all/8bnwg5hd3w55iofp58khbp6yv/gradle-2.14.1/lib/plugins/sonar-batch-bootstrapper-2.9.jar
7f8240572000-7f8240575000 r--s 00015000 08:05 7609864                    /home/asiantech/.gradle/wrapper/dists/gradle-2.14.1-all/8bnwg5hd3w55iofp58khbp6yv/gradle-2.14.1/lib/plugins/gradle-sonar-2.14.1.jar
7f8240575000-7f824057c000 r--s 00038000 08:05 7609911                    /home/asiantech/.gradle/wrapper/dists/gradle-2.14.1-all/8bnwg5hd3w55iofp58khbp6yv/gradle-2.14.1/lib/plugins/bcpg-jdk15on-1.51.jar
7f824057c000-7f824057e000 r--s 0000d000 08:05 7609865                    /home/asiantech/.gradle/wrapper/dists/gradle-2.14.1-all/8bnwg5hd3w55iofp58khbp6yv/gradle-2.14.1/lib/plugins/gradle-signing-2.14.1.jar
7f824057e000-7f8240581000 r--s 00009000 08:05 7609863                    /home/asiantech/.gradle/wrapper/dists/gradle-2.14.1-all/8bnwg5hd3w55iofp58khbp6yv/gradle-2.14.1/lib/plugins/gradle-scala-2.14.1.jar
7f8240581000-7f8240582000 r--s 00004000 08:05 7609892                    /home/asiantech/.gradle/wrapper/dists/gradle-2.14.1-all/8bnwg5hd3w55iofp58khbp6yv/gradle-2.14.1/lib/plugins/gradle-resources-sftp-2.14.1.jar
7f8240582000-7f8240592000 r--s 00088000 08:05 7609927                    /home/asiantech/.gradle/wrapper/dists/gradle-2.14.1-all/8bnwg5hd3w55iofp58khbp6yv/gradle-2.14.1/lib/plugins/joda-time-2.8.2.jar
7f8240592000-7f82405a3000 r--s 000cf000 08:05 7609926                    /home/asiantech/.gradle/wrapper/dists/gradle-2.14.1-all/8bnwg5hd3w55iofp58khbp6yv/gradle-2.14.1/lib/plugins/jackson-databind-2.3.2.jar
7f82405a3000-7f82405a5000 r--s 00007000 08:05 7609925                    /home/asiantech/.gradle/wrapper/dists/gradle-2.14.1-all/8bnwg5hd3w55iofp58khbp6yv/gradle-2.14.1/lib/plugins/jackson-annotations-2.3.2.jar
7f82405a5000-7f82405a8000 r--s 0002e000 08:05 7609924                    /home/asiantech/.gradle/wrapper/dists/gradle-2.14.1-all/8bnwg5hd3w55iofp58khbp6yv/gradle-2.14.1/lib/plugins/jackson-core-2.3.2.jar
7f82405a8000-7f82405b3000 r--s 0006b000 08:05 7609923                    /home/asiantech/.gradle/wrapper/dists/gradle-2.14.1-all/8bnwg5hd3w55iofp58khbp6yv/gradle-2.14.1/lib/plugins/aws-java-sdk-core-1.9.19.jar
7f82405b3000-7f82405b9000 r--s 00036000 08:05 7609922                    /home/asiantech/.gradle/wrapper/dists/gradle-2.14.1-all/8bnwg5hd3w55iofp58khbp6yv/gradle-2.14.1/lib/plugins/aws-java-sdk-kms-1.9.19.jar
7f82405b9000-7f82405c4000 r--s 00079000 08:05 7609921                    /home/asiantech/.gradle/wrapper/dists/gradle-2.14.1-all/8bnwg5hd3w55iofp58khbp6yv/gradle-2.14.1/lib/plugins/aws-java-sdk-s3-1.9.19.jar
7f82405c4000-7f82405c5000 r--s 00003000 08:05 7609893                    /home/asiantech/.gradle/wrapper/dists/gradle-2.14.1-all/8bnwg5hd3w55iofp58khbp6yv/gradle-2.14.1/lib/plugins/gradle-resources-s3-2.14.1.jar
7f82405c5000-7f82405c7000 r--s 00005000 08:05 7609915                    /home/asiantech/.gradle/wrapper/dists/gradle-2.14.1-all/8bnwg5hd3w55iofp58khbp6yv/gradle-2.14.1/lib/plugins/jatl-0.2.2.jar
7f82405c7000-7f82405c9000 r--s 0000f000 08:05 7609870                    /home/asiantech/.gradle/wrapper/dists/gradle-2.14.1-all/8bnwg5hd3w55iofp58khbp6yv/gradle-2.14.1/lib/plugins/gradle-reporting-2.14.1.jar
7f82405c9000-7f82405cb000 r--s 00002000 08:05 7609871                    /home/asiantech/.gradle/wrapper/dists/gradle-2.14.1-all/8bnwg5hd3w55iofp58khbp6yv/gradle-2.14.1/lib/plugins/gradle-publish-2.14.1.jar
7f82405cb000-7f82405cd000 r--s 00009000 08:05 7609897                    /home/asiantech/.gradle/wrapper/dists/gradle-2.14.1-all/8bnwg5hd3w55iofp58khbp6yv/gradle-2.14.1/lib/plugins/commons-cli-1.2.jar
7f82405cd000-7f82405d3000 r--s 00033000 08:05 7609855                    /home/asiantech/.gradle/wrapper/dists/gradle-2.14.1-all/8bnwg5hd3w55iofp58khbp6yv/gradle-2.14.1/lib/plugins/gradle-plugins-2.14.1.jar
7f82405d3000-7f82405d5000 r--s 00007000 08:05 7609889                    /home/asiantech/.gradle/wrapper/dists/gradle-2.14.1-all/8bnwg5hd3w55iofp58khbp6yv/gradle-2.14.1/lib/plugins/gradle-plugin-development-2.14.1.jar
7f82405d5000-7f82405db000 r--s 0002a000 08:05 7609882                    /home/asiantech/.gradle/wrapper/dists/gradle-2.14.1-all/8bnwg5hd3w55iofp58khbp6yv/gradle-2.14.1/lib/plugins/gradle-platform-play-2.14.1.jar
7f82405db000-7f82405e8000 r--s 0004d000 08:05 7609881                    /home/asiantech/.gradle/wrapper/dists/gradle-2.14.1-all/8bnwg5hd3w55iofp58khbp6yv/gradle-2.14.1/lib/plugins/gradle-platform-native-2.14.1.jar
7f82405e8000-7f82405ec000 r--s 0001a000 08:05 7609876                    /home/asiantech/.gradle/wrapper/dists/gradle-2.14.1-all/8bnwg5hd3w55iofp58khbp6yv/gradle-2.14.1/lib/plugins/gradle-platform-jvm-2.14.1.jar
7f82405ec000-7f82405f3000 r--s 00029000 08:05 7609875                    /home/asiantech/.gradle/wrapper/dists/gradle-2.14.1-all/8bnwg5hd3w55iofp58khbp6yv/gradle-2.14.1/lib/plugins/gradle-platform-base-2.14.1.jar
7f82405f3000-7f8240614000 r--s 001c3000 08:05 7609905                    /home/asiantech/.gradle/wrapper/dists/gradle-2.14.1-all/8bnwg5hd3w55iofp58khbp6yv/gradle-2.14.1/lib/plugins/bndlib-2.4.0.jar
7f8240614000-7f8240616000 r--s 00003000 08:05 7609859                    /home/asiantech/.gradle/wrapper/dists/gradle-2.14.1-all/8bnwg5hd3w55iofp58khbp6yv/gradle-2.14.1/lib/plugins/gradle-osgi-2.14.1.jar
7f8240616000-7f8240619000 r--s 0000c000 08:05 7609908                    /home/asiantech/.gradle/wrapper/dists/gradle-2.14.1-all/8bnwg5hd3w55iofp58khbp6yv/gradle-2.14.1/lib/plugins/pmaven-groovy-0.8-20100325.jar
7f8240619000-7f824061a000 r--s 00004000 08:05 7609907                    /home/asiantech/.gradle/wrapper/dists/gradle-2.14.1-all/8bnwg5hd3w55iofp58khbp6yv/gradle-2.14.1/lib/plugins/pmaven-common-0.8-20100325.jar
7f824061a000-7f8240620000 r--s 00022000 08:05 7609860                    /home/asiantech/.gradle/wrapper/dists/gradle-2.14.1-all/8bnwg5hd3w55iofp58khbp6yv/gradle-2.14.1/lib/plugins/gradle-maven-2.14.1.jar
7f8240620000-7f8240622000 r--s 0000a000 08:05 7609880                    /home/asiantech/.gradle/wrapper/dists/gradle-2.14.1-all/8bnwg5hd3w55iofp58khbp6yv/gradle-2.14.1/lib/plugins/gradle-language-scala-2.14.1.jar
7f8240622000-7f8240628000 r--s 0001a000 08:05 7609884                    /home/asiantech/.gradle/wrapper/dists/gradle-2.14.1-all/8bnwg5hd3w55iofp58khbp6yv/gradle-2.14.1/lib/plugins/gradle-language-native-2.14.1.jar
7f8240628000-7f824062a000 r--s 00008000 08:05 7609877                    /home/asiantech/.gradle/wrapper/dists/gradle-2.14.1-all/8bnwg5hd3w55iofp58khbp6yv/gradle-2.14.1/lib/plugins/gradle-language-jvm-2.14.1.jar
7f824062a000-7f8240630000 r--s 00024000 08:05 7609878                    /home/asiantech/.gradle/wrapper/dists/gradle-2.14.1-all/8bnwg5hd3w55iofp58khbp6yv/gradle-2.14.1/lib/plugins/gradle-language-java-2.14.1.jar
7f8240630000-7f8240632000 r--s 0000a000 08:05 7609879                    /home/asiantech/.gradle/wrapper/dists/gradle-2.14.1-all/8bnwg5hd3w55iofp58khbp6yv/gradle-2.14.1/lib/plugins/gradle-language-groovy-2.14.1.jar
7f8240632000-7f8240635000 r--s 0001e000 08:05 7609933                    /home/asiantech/.gradle/wrapper/dists/gradle-2.14.1-all/8bnwg5hd3w55iofp58khbp6yv/gradle-2.14.1/lib/plugins/jsp-api-2.1-6.1.14.jar
7f8240635000-7f8240658000 r--s 00344000 08:05 7609932                    /home/asiantech/.gradle/wrapper/dists/gradle-2.14.1-all/8bnwg5hd3w55iofp58khbp6yv/gradle-2.14.1/lib/plugins/core-3.1.1.jar
7f8240658000-7f8240659000 r--s 00006000 08:05 7609931                    /home/asiantech/.gradle/wrapper/dists/gradle-2.14.1-all/8bnwg5hd3w55iofp58khbp6yv/gradle-2.14.1/lib/plugins/jetty-naming-6.1.25.jar
7f8240659000-7f824065a000 r--s 00002000 08:05 7609904                    /home/asiantech/.gradle/wrapper/dists/gradle-2.14.1-all/8bnwg5hd3w55iofp58khbp6yv/gradle-2.14.1/lib/plugins/geronimo-annotation_1.0_spec-1.0.jar
7f824065a000-7f824065c000 r--s 00002000 08:05 7609903                    /home/asiantech/.gradle/wrapper/dists/gradle-2.14.1-all/8bnwg5hd3w55iofp58khbp6yv/gradle-2.14.1/lib/plugins/jetty-annotations-6.1.25.jar
7f824065c000-7f824066d000 r--s 000ea000 08:05 7609902                    /home/asiantech/.gradle/wrapper/dists/gradle-2.14.1-all/8bnwg5hd3w55iofp58khbp6yv/gradle-2.14.1/lib/plugins/jsp-2.1-6.1.14.jar
7f824066d000-7f824066f000 r--s 0000d000 08:05 7609901                    /home/asiantech/.gradle/wrapper/dists/gradle-2.14.1-all/8bnwg5hd3w55iofp58khbp6yv/gradle-2.14.1/lib/plugins/jetty-plus-6.1.25.jar
7f824066f000-7f8240671000 r--s 0001f000 08:05 7609900                    /home/asiantech/.gradle/wrapper/dists/gradle-2.14.1-all/8bnwg5hd3w55iofp58khbp6yv/gradle-2.14.1/lib/plugins/servlet-api-2.5-20081211.jar
7f8240671000-7f8240675000 r--s 00028000 08:05 7609899                    /home/asiantech/.gradle/wrapper/dists/gradle-2.14.1-all/8bnwg5hd3w55iofp58khbp6yv/gradle-2.14.1/lib/plugins/jetty-util-6.1.25.jar
7f8240675000-7f824067c000 r--s 0007d000 08:05 7609898                    /home/asiantech/.gradle/wrapper/dists/gradle-2.14.1-all/8bnwg5hd3w55iofp58khbp6yv/gradle-2.14.1/lib/plugins/jetty-6.1.25.jar
7f824067c000-7f824067e000 r--s 00009000 08:05 7609857                    /home/asiantech/.gradle/wrapper/dists/gradle-2.14.1-all/8bnwg5hd3w55iofp58khbp6yv/gradle-2.14.1/lib/plugins/gradle-jetty-2.14.1.jar
7f824067e000-7f8240685000 r--s 00035000 08:05 7609914                    /home/asiantech/.gradle/wrapper/dists/gradle-2.14.1-all/8bnwg5hd3w55iofp58khbp6yv/gradle-2.14.1/lib/plugins/simple-4.1.21.jar
7f8240685000-7f8240691000 r--s 00100000 08:05 7609912                    /home/asiantech/.gradle/wrapper/dists/gradle-2.14.1-all/8bnwg5hd3w55iofp58khbp6yv/gradle-2.14.1/lib/plugins/rhino-1.7R3.jar
7f8240691000-7f8240695000 r--s 00011000 08:05 7609867                    /home/asiantech/.gradle/wrapper/dists/gradle-2.14.1-all/8bnwg5hd3w55iofp58khbp6yv/gradle-2.14.1/lib/plugins/gradle-javascript-2.14.1.jar
7f8240695000-7f8240697000 r--s 0000c000 08:05 7609873                    /home/asiantech/.gradle/wrapper/dists/gradle-2.14.1-all/8bnwg5hd3w55iofp58khbp6yv/gradle-2.14.1/lib/plugins/gradle-jacoco-2.14.1.jar
7f8240697000-7f824069a000 r--s 0000e000 08:05 7609872                    /home/asiantech/.gradle/wrapper/dists/gradle-2.14.1-all/8bnwg5hd3w55iofp58khbp6yv/gradle-2.14.1/lib/plugins/gradle-ivy-2.14.1.jar
7f824069a000-7f824069b000 r--s 00002000 08:05 7609883                    /home/asiantech/.gradle/wrapper/dists/gradle-2.14.1-all/8bnwg5hd3w55iofp58khbp6yv/gradle-2.14.1/lib/plugins/gradle-ide-play-2.14.1.jar
7f824069b000-7f82406a0000 r--s 0002b000 08:05 7609885                    /home/asiantech/.gradle/wrapper/dists/gradle-2.14.1-all/8bnwg5hd3w55iofp58khbp6yv/gradle-2.14.1/lib/plugins/gradle-ide-native-2.14.1.jar
7f82406a0000-7f82406ab000 r--s 00066000 08:05 7609861                    /home/asiantech/.gradle/wrapper/dists/gradle-2.14.1-all/8bnwg5hd3w55iofp58khbp6yv/gradle-2.14.1/lib/plugins/gradle-ide-2.14.1.jar
7f82406ab000-7f82406ac000 r--s 00008000 08:05 7609866                    /home/asiantech/.gradle/wrapper/dists/gradle-2.14.1-all/8bnwg5hd3w55iofp58khbp6yv/gradle-2.14.1/lib/plugins/gradle-ear-2.14.1.jar
7f82406ac000-7f82406b2000 r--s 00032000 08:05 7609869                    /home/asiantech/.gradle/wrapper/dists/gradle-2.14.1-all/8bnwg5hd3w55iofp58khbp6yv/gradle-2.14.1/lib/plugins/gradle-diagnostics-2.14.1.jar
7f82406b2000-7f82406b6000 r--s 00021000 08:05 7609856                    /home/asiantech/.gradle/wrapper/dists/gradle-2.14.1-all/8bnwg5hd3w55iofp58khbp6yv/gradle-2.14.1/lib/plugins/gradle-code-quality-2.14.1.jar
7f82406b6000-7f82406ba000 r--s 0001f000 08:05 7609874                    /home/asiantech/.gradle/wrapper/dists/gradle-2.14.1-all/8bnwg5hd3w55iofp58khbp6yv/gradle-2.14.1/lib/plugins/gradle-build-init-2.14.1.jar
7f82406ba000-7f82406c1000 r--s 0008e000 08:05 7609868                    /home/asiantech/.gradle/wrapper/dists/gradle-2.14.1-all/8bnwg5hd3w55iofp58khbp6yv/gradle-2.14.1/lib/plugins/gradle-build-comparison-2.14.1.jar
7f82406c1000-7f82406c3000 r--s 00008000 08:05 7609858                    /home/asiantech/.gradle/wrapper/dists/gradle-2.14.1-all/8bnwg5hd3w55iofp58khbp6yv/gradle-2.14.1/lib/plugins/gradle-antlr-2.14.1.jar
7f82406c3000-7f82406c5000 r--s 00004000 08:05 7609862                    /home/asiantech/.gradle/wrapper/dists/gradle-2.14.1-all/8bnwg5hd3w55iofp58khbp6yv/gradle-2.14.1/lib/plugins/gradle-announce-2.14.1.jar
7f82406c5000-7f82406dd000 r--s 00115000 08:05 7609963                    /home/asiantech/.gradle/wrapper/dists/gradle-2.14.1-all/8bnwg5hd3w55iofp58khbp6yv/gradle-2.14.1/lib/plugins/xercesImpl-2.9.1.jar
7f82406dd000-7f82406e5000 r--s 00028000 08:05 7609964                    /home/asiantech/.gradle/wrapper/dists/gradle-2.14.1-all/8bnwg5hd3w55iofp58khbp6yv/gradle-2.14.1/lib/plugins/xml-apis-1.3.04.jar
7f82406e5000-7f82406eb000 r--s 0005b000 08:05 7609962                    /home/asiantech/.gradle/wrapper/dists/gradle-2.14.1-all/8bnwg5hd3w55iofp58khbp6yv/gradle-2.14.1/lib/plugins/jcifs-1.3.17.jar
7f82406eb000-7f82406f2000 r--s 00049000 08:05 7609961                    /home/asiantech/.gradle/wrapper/dists/gradle-2.14.1-all/8bnwg5hd3w55iofp58khbp6yv/gradle-2.14.1/lib/plugins/httpcore-4.4.4.jar
7f82406f2000-7f82406f8000 r--s 00033000 08:05 7609909                    /home/asiantech/.gradle/wrapper/dists/gradle-2.14.1-all/8bnwg5hd3w55iofp58khbp6yv/gradle-2.14.1/lib/plugins/commons-codec-1.6.jar
7f82406f8000-7f82406fb000 r--s 0001c000 08:05 7609919                    /home/asiantech/.gradle/wrapper/dists/gradle-2.14.1-all/8bnwg5hd3w55iofp58khbp6yv/gradle-2.14.1/lib/plugins/nekohtml-1.9.14.jar
7f82406fb000-7f8240708000 r--s 000a4000 08:05 7609918                    /home/asiantech/.gradle/wrapper/dists/gradle-2.14.1-all/8bnwg5hd3w55iofp58khbp6yv/gradle-2.14.1/lib/plugins/httpclient-4.4.1.jar
7f8240708000-7f824070a000 r--s 0000a000 08:05 7609891                    /home/asiantech/.gradle/wrapper/dists/gradle-2.14.1-all/8bnwg5hd3w55iofp58khbp6yv/gradle-2.14.1/lib/plugins/gradle-resources-http-2.14.1.jar
7f824070a000-7f824070e000 r--s 00014000 08:05 7609890                    /home/asiantech/.gradle/wrapper/dists/gradle-2.14.1-all/8bnwg5hd3w55iofp58khbp6yv/gradle-2.14.1/lib/plugins/gradle-plugin-use-2.14.1.jar
7f824070e000-7f824070f000 r--s 00000000 08:05 7480564                    /home/asiantech/.gradle/wrapper/dists/gradle-2.14.1-all/8bnwg5hd3w55iofp58khbp6yv/gradle-2.14.1/lib/gradle-installation-beacon-2.14.1.jar
7f824070f000-7f8240710000 r--s 00007000 08:05 7609957                    /home/asiantech/.gradle/wrapper/dists/gradle-2.14.1-all/8bnwg5hd3w55iofp58khbp6yv/gradle-2.14.1/lib/plugins/wagon-http-shared4-2.4.jar
7f8240710000-7f8240714000 r--s 00033000 08:05 7609956                    /home/asiantech/.gradle/wrapper/dists/gradle-2.14.1-all/8bnwg5hd3w55iofp58khbp6yv/gradle-2.14.1/lib/plugins/plexus-utils-2.0.6.jar
7f8240714000-7f8240718000 r--s 00021000 08:05 7609955                    /home/asiantech/.gradle/wrapper/dists/gradle-2.14.1-all/8bnwg5hd3w55iofp58khbp6yv/gradle-2.14.1/lib/plugins/maven-model-builder-3.0.4.jar
7f8240718000-7f8240719000 r--s 00002000 08:05 7609954                    /home/asiantech/.gradle/wrapper/dists/gradle-2.14.1-all/8bnwg5hd3w55iofp58khbp6yv/gradle-2.14.1/lib/plugins/wagon-file-2.4.jar
7f8240719000-7f824071b000 r--s 00002000 08:05 7609953                    /home/asiantech/.gradle/wrapper/dists/gradle-2.14.1-all/8bnwg5hd3w55iofp58khbp6yv/gradle-2.14.1/lib/plugins/plexus-cipher-1.7.jar
7f824071b000-7f824071e000 r--s 00013000 08:05 7609952                    /home/asiantech/.gradle/wrapper/dists/gradle-2.14.1-all/8bnwg5hd3w55iofp58khbp6yv/gradle-2.14.1/lib/plugins/aether-api-1.13.1.jar
7f824071e000-7f8240720000 r--s 0000a000 08:05 7609951                    /home/asiantech/.gradle/wrapper/dists/gradle-2.14.1-all/8bnwg5hd3w55iofp58khbp6yv/gradle-2.14.1/lib/plugins/maven-settings-3.0.4.jar
7f8240720000-7f8240722000 r--s 0000d000 08:05 7609950                    /home/asiantech/.gradle/wrapper/dists/gradle-2.14.1-all/8bnwg5hd3w55iofp58khbp6yv/gradle-2.14.1/lib/plugins/plexus-interpolation-1.14.jar
7f8240722000-7f8240724000 r--s 0000b000 08:05 7609949                    /home/asiantech/.gradle/wrapper/dists/gradle-2.14.1-all/8bnwg5hd3w55iofp58khbp6yv/gradle-2.14.1/lib/plugins/maven-artifact-3.0.4.jar
7f8240724000-7f824072b000 r--s 0002e000 08:05 7609948                    /home/asiantech/.gradle/wrapper/dists/gradle-2.14.1-all/8bnwg5hd3w55iofp58khbp6yv/gradle-2.14.1/lib/plugins/plexus-container-default-1.5.5.jar
7f824072b000-7f824072d000 r--s 0000b000 08:05 7609947                    /home/asiantech/.gradle/wrapper/dists/gradle-2.14.1-all/8bnwg5hd3w55iofp58khbp6yv/gradle-2.14.1/lib/plugins/maven-plugin-api-3.0.4.jar
7f824072d000-7f824072f000 r--s 00000000 08:05 7609965                    /home/asiantech/.gradle/wrapper/dists/gradle-2.14.1-all/8bnwg5hd3w55iofp58khbp6yv/gradle-2.14.1/lib/plugins/plexus-component-annotations-1.5.5.jar
7f824072f000-7f8240735000 r--s 0003f000 08:05 7609946                    /home/asiantech/.gradle/wrapper/dists/gradle-2.14.1-all/8bnwg5hd3w55iofp58khbp6yv/gradle-2.14.1/lib/plugins/maven-compat-3.0.4.jar
7f8240735000-7f8240738000 r--s 00008000 08:05 7609945                    /home/asiantech/.gradle/wrapper/dists/gradle-2.14.1-all/8bnwg5hd3w55iofp58khbp6yv/gradle-2.14.1/lib/plugins/maven-settings-builder-3.0.4.jar
7f8240738000-7f824073a000 r--s 00026000 08:05 7609943                    /home/asiantech/.gradle/wrapper/dists/gradle-2.14.1-all/8bnwg5hd3w55iofp58khbp6yv/gradle-2.14.1/lib/plugins/maven-model-3.0.4.jar
7f824073a000-7f824073c000 r--s 00006000 08:05 7609942                    /home/asiantech/.gradle/wrapper/dists/gradle-2.14.1-all/8bnwg5hd3w55iofp58khbp6yv/gradle-2.14.1/lib/plugins/aether-connector-wagon-1.13.1.jar
7f824073c000-7f824073e000 r--s 0000a000 08:05 7609941                    /home/asiantech/.gradle/wrapper/dists/gradle-2.14.1-all/8bnwg5hd3w55iofp58khbp6yv/gradle-2.14.1/lib/plugins/plexus-classworlds-2.4.jar
7f824073e000-7f8240740000 r--s 00006000 08:05 7609940                    /home/asiantech/.gradle/wrapper/dists/gradle-2.14.1-all/8bnwg5hd3w55iofp58khbp6yv/gradle-2.14.1/lib/plugins/maven-repository-metadata-3.0.4.jar
7f8240740000-7f8240742000 r--s 0000c000 08:05 7609939                    /home/asiantech/.gradle/wrapper/dists/gradle-2.14.1-all/8bnwg5hd3w55iofp58khbp6yv/gradle-2.14.1/lib/plugins/maven-aether-provider-3.0.4.jar
7f8240742000-7f8240744000 r--s 0000b000 08:05 7609938                    /home/asiantech/.gradle/wrapper/dists/gradle-2.14.1-all/8bnwg5hd3w55iofp58khbp6yv/gradle-2.14.1/lib/plugins/wagon-provider-api-2.4.jar
7f8240744000-7f8240748000 r--s 0001c000 08:05 7609936                    /home/asiantech/.gradle/wrapper/dists/gradle-2.14.1-all/8bnwg5hd3w55iofp58khbp6yv/gradle-2.14.1/lib/plugins/aether-util-1.13.1.jar
7f8240748000-7f824074b000 r--s 0001d000 08:05 7609935                    /home/asiantech/.gradle/wrapper/dists/gradle-2.14.1-all/8bnwg5hd3w55iofp58khbp6yv/gradle-2.14.1/lib/plugins/aether-impl-1.13.1.jar
7f824074b000-7f8240750000 r--s 00040000 08:05 7609920                    /home/asiantech/.gradle/wrapper/dists/gradle-2.14.1-all/8bnwg5hd3w55iofp58khbp6yv/gradle-2.14.1/lib/plugins/jsch-0.1.53.jar
7f8240750000-7f8240790000 r--s 00277000 08:05 7609930                    /home/asiantech/.gradle/wrapper/dists/gradle-2.14.1-all/8bnwg5hd3w55iofp58khbp6yv/gradle-2.14.1/lib/plugins/bcprov-jdk15on-1.51.jar
7f8240790000-7f824079c000 r--s 0007d000 08:05 7609906                    /home/asiantech/.gradle/wrapper/dists/gradle-2.14.1-all/8bnwg5hd3w55iofp58khbp6yv/gradle-2.14.1/lib/plugins/maven-core-3.0.4.jar
7f824079c000-7f82407b8000 r--s 000d3000 08:05 7609895                    /home/asiantech/.gradle/wrapper/dists/gradle-2.14.1-all/8bnwg5hd3w55iofp58khbp6yv/gradle-2.14.1/lib/plugins/gradle-dependency-management-2.14.1.jar
7f82407b8000-7f82407ce000 r-xp 00000000 08:05 262245                     /lib/x86_64-linux-gnu/libgcc_s.so.1
7f82407ce000-7f82409cd000 ---p 00016000 08:05 262245                     /lib/x86_64-linux-gnu/libgcc_s.so.1
7f82409cd000-7f82409ce000 rw-p 00015000 08:05 262245                     /lib/x86_64-linux-gnu/libgcc_s.so.1
7f82409ce000-7f8240ab4000 r-xp 00000000 08:05 9702074                    /usr/lib/x86_64-linux-gnu/libstdc++.so.6.0.19
7f8240ab4000-7f8240cb3000 ---p 000e6000 08:05 9702074                    /usr/lib/x86_64-linux-gnu/libstdc++.so.6.0.19
7f8240cb3000-7f8240cbb000 r--p 000e5000 08:05 9702074                    /usr/lib/x86_64-linux-gnu/libstdc++.so.6.0.19
7f8240cbb000-7f8240cbd000 rw-p 000ed000 08:05 9702074                    /usr/lib/x86_64-linux-gnu/libstdc++.so.6.0.19
7f8240cbd000-7f8240cd2000 rw-p 00000000 00:00 0 
7f8240cd2000-7f8240cd3000 r--s 00002000 08:05 7609944                    /home/asiantech/.gradle/wrapper/dists/gradle-2.14.1-all/8bnwg5hd3w55iofp58khbp6yv/gradle-2.14.1/lib/plugins/wagon-http-2.4.jar
7f8240cd3000-7f8240cd4000 r--s 00003000 08:05 7609937                    /home/asiantech/.gradle/wrapper/dists/gradle-2.14.1-all/8bnwg5hd3w55iofp58khbp6yv/gradle-2.14.1/lib/plugins/aether-spi-1.13.1.jar
7f8240cd4000-7f8240cd5000 r--s 00006000 08:05 7609934                    /home/asiantech/.gradle/wrapper/dists/gradle-2.14.1-all/8bnwg5hd3w55iofp58khbp6yv/gradle-2.14.1/lib/plugins/plexus-sec-dispatcher-1.3.jar
7f8240cd5000-7f8240cd9000 r--s 0001d000 08:05 7609929                    /home/asiantech/.gradle/wrapper/dists/gradle-2.14.1-all/8bnwg5hd3w55iofp58khbp6yv/gradle-2.14.1/lib/plugins/xbean-reflect-3.4.jar
7f8240cd9000-7f8240cde000 r--s 0002a000 08:05 7609913                    /home/asiantech/.gradle/wrapper/dists/gradle-2.14.1-all/8bnwg5hd3w55iofp58khbp6yv/gradle-2.14.1/lib/plugins/gson-2.2.4.jar
7f8240cde000-7f8240ced000 r--s 000d9000 08:05 7609928                    /home/asiantech/.gradle/wrapper/dists/gradle-2.14.1-all/8bnwg5hd3w55iofp58khbp6yv/gradle-2.14.1/lib/plugins/ivy-2.2.0.jar
7f8240ced000-7f8240cf1000 r-xp 00000000 08:05 6163893                    /home/asiantech/.gradle/native/19/linux-amd64/libnative-platform.so
7f8240cf1000-7f8240ef0000 ---p 00004000 08:05 6163893                    /home/asiantech/.gradle/native/19/linux-amd64/libnative-platform.so
7f8240ef0000-7f8240ef1000 rw-p 00003000 08:05 6163893                    /home/asiantech/.gradle/native/19/linux-amd64/libnative-platform.so
7f8240ef1000-7f8240f02000 r-xp 00000000 08:05 9705590                    /usr/lib/jvm/java-8-oracle/jre/lib/amd64/libnio.so
7f8240f02000-7f8241101000 ---p 00011000 08:05 9705590                    /usr/lib/jvm/java-8-oracle/jre/lib/amd64/libnio.so
7f8241101000-7f8241102000 rw-p 00010000 08:05 9705590                    /usr/lib/jvm/java-8-oracle/jre/lib/amd64/libnio.so
7f8241102000-7f8241118000 r-xp 00000000 08:05 9705586                    /usr/lib/jvm/java-8-oracle/jre/lib/amd64/libnet.so
7f8241118000-7f8241318000 ---p 00016000 08:05 9705586                    /usr/lib/jvm/java-8-oracle/jre/lib/amd64/libnet.so
7f8241318000-7f8241319000 rw-p 00016000 08:05 9705586                    /usr/lib/jvm/java-8-oracle/jre/lib/amd64/libnet.so
7f8241319000-7f824131b000 r--s 00005000 08:05 7480563                    /home/asiantech/.gradle/wrapper/dists/gradle-2.14.1-all/8bnwg5hd3w55iofp58khbp6yv/gradle-2.14.1/lib/gradle-wrapper-2.14.1.jar
7f824131b000-7f8241329000 r--s 0004f000 08:05 7480570                    /home/asiantech/.gradle/wrapper/dists/gradle-2.14.1-all/8bnwg5hd3w55iofp58khbp6yv/gradle-2.14.1/lib/gradle-tooling-api-2.14.1.jar
7f8241329000-7f824132b000 r--s 00002000 08:05 7480590                    /home/asiantech/.gradle/wrapper/dists/gradle-2.14.1-all/8bnwg5hd3w55iofp58khbp6yv/gradle-2.14.1/lib/gradle-open-api-2.14.1.jar
7f824132b000-7f8241331000 r--s 00032000 08:05 7480592                    /home/asiantech/.gradle/wrapper/dists/gradle-2.14.1-all/8bnwg5hd3w55iofp58khbp6yv/gradle-2.14.1/lib/jaxen-1.1.jar
7f8241331000-7f8241336000 r--s 00048000 08:05 7480591                    /home/asiantech/.gradle/wrapper/dists/gradle-2.14.1-all/8bnwg5hd3w55iofp58khbp6yv/gradle-2.14.1/lib/dom4j-1.6.1.jar
7f8241336000-7f8241341000 r--s 00059000 08:05 7480569                    /home/asiantech/.gradle/wrapper/dists/gradle-2.14.1-all/8bnwg5hd3w55iofp58khbp6yv/gradle-2.14.1/lib/gradle-ui-2.14.1.jar
7f8241341000-7f8241344000 r--s 0000b000 08:05 7480588                    /home/asiantech/.gradle/wrapper/dists/gradle-2.14.1-all/8bnwg5hd3w55iofp58khbp6yv/gradle-2.14.1/lib/gradle-resources-2.14.1.jar
7f8241344000-7f8241346000 r--s 00003000 08:05 7480600                    /home/asiantech/.gradle/wrapper/dists/gradle-2.14.1-all/8bnwg5hd3w55iofp58khbp6yv/gradle-2.14.1/lib/jcl-over-slf4j-1.7.10.jar
7f8241346000-7f8241347000 r--s 00005000 08:05 7480599                    /home/asiantech/.gradle/wrapper/dists/gradle-2.14.1-all/8bnwg5hd3w55iofp58khbp6yv/gradle-2.14.1/lib/log4j-over-slf4j-1.7.10.jar
7f8241347000-7f8241349000 r--s 00000000 08:05 7480598                    /home/asiantech/.gradle/wrapper/dists/gradle-2.14.1-all/8bnwg5hd3w55iofp58khbp6yv/gradle-2.14.1/lib/jul-to-slf4j-1.7.10.jar
7f8241349000-7f824134e000 r--s 0001c000 08:05 7480587                    /home/asiantech/.gradle/wrapper/dists/gradle-2.14.1-all/8bnwg5hd3w55iofp58khbp6yv/gradle-2.14.1/lib/gradle-logging-2.14.1.jar
7f824134e000-7f8241350000 r--s 00007000 08:05 7480611                    /home/asiantech/.gradle/wrapper/dists/gradle-2.14.1-all/8bnwg5hd3w55iofp58khbp6yv/gradle-2.14.1/lib/objenesis-1.2.jar
7f8241350000-7f8241352000 r--s 00000000 08:05 7480610                    /home/asiantech/.gradle/wrapper/dists/gradle-2.14.1-all/8bnwg5hd3w55iofp58khbp6yv/gradle-2.14.1/lib/minlog-1.2.jar
7f8241352000-7f8241354000 r--s 0000f000 08:05 7480609                    /home/asiantech/.gradle/wrapper/dists/gradle-2.14.1-all/8bnwg5hd3w55iofp58khbp6yv/gradle-2.14.1/lib/reflectasm-1.07-shaded.jar
7f8241354000-7f8241358000 r--s 00026000 08:05 7480597                    /home/asiantech/.gradle/wrapper/dists/gradle-2.14.1-all/8bnwg5hd3w55iofp58khbp6yv/gradle-2.14.1/lib/kryo-2.20.jar
7f8241358000-7f824135e000 r--s 00025000 08:05 7480586                    /home/asiantech/.gradle/wrapper/dists/gradle-2.14.1-all/8bnwg5hd3w55iofp58khbp6yv/gradle-2.14.1/lib/gradle-messaging-2.14.1.jar
7f824135e000-7f824135f000 r--s 00003000 08:05 7480608                    /home/asiantech/.gradle/wrapper/dists/gradle-2.14.1-all/8bnwg5hd3w55iofp58khbp6yv/gradle-2.14.1/lib/native-platform-freebsd-amd64-0.10.jar
7f824135f000-7f8241360000 r--s 00003000 08:05 7480607                    /home/asiantech/.gradle/wrapper/dists/gradle-2.14.1-all/8bnwg5hd3w55iofp58khbp6yv/gradle-2.14.1/lib/native-platform-freebsd-i386-0.10.jar
7f8241360000-7f8241361000 r--s 00005000 08:05 7480606                    /home/asiantech/.gradle/wrapper/dists/gradle-2.14.1-all/8bnwg5hd3w55iofp58khbp6yv/gradle-2.14.1/lib/native-platform-windows-i386-0.10.jar
7f8241361000-7f8241362000 r--s 00005000 08:05 7480605                    /home/asiantech/.gradle/wrapper/dists/gradle-2.14.1-all/8bnwg5hd3w55iofp58khbp6yv/gradle-2.14.1/lib/native-platform-windows-amd64-0.10.jar
7f8241362000-7f8241363000 r--s 00003000 08:05 7480604                    /home/asiantech/.gradle/wrapper/dists/gradle-2.14.1-all/8bnwg5hd3w55iofp58khbp6yv/gradle-2.14.1/lib/native-platform-linux-i386-0.10.jar
7f8241363000-7f8241364000 r--s 00003000 08:05 7480603                    /home/asiantech/.gradle/wrapper/dists/gradle-2.14.1-all/8bnwg5hd3w55iofp58khbp6yv/gradle-2.14.1/lib/native-platform-linux-amd64-0.10.jar
7f8241364000-7f8241365000 r--s 00002000 08:05 7480602                    /home/asiantech/.gradle/wrapper/dists/gradle-2.14.1-all/8bnwg5hd3w55iofp58khbp6yv/gradle-2.14.1/lib/native-platform-osx-amd64-0.10.jar
7f8241365000-7f8241367000 r--s 00008000 08:05 7480595                    /home/asiantech/.gradle/wrapper/dists/gradle-2.14.1-all/8bnwg5hd3w55iofp58khbp6yv/gradle-2.14.1/lib/jansi-1.2.1.jar
7f8241367000-7f82413d6000 r--s 0063e000 08:05 7480576                    /home/asiantech/.gradle/wrapper/dists/gradle-2.14.1-all/8bnwg5hd3w55iofp58khbp6yv/gradle-2.14.1/lib/groovy-all-2.4.4.jar
7f82413d6000-7f82413fe000 r--s 001cf000 08:05 7480573                    /home/asiantech/.gradle/wrapper/dists/gradle-2.14.1-all/8bnwg5hd3w55iofp58khbp6yv/gradle-2.14.1/lib/guava-jdk5-17.0.jar
7f82413fe000-7f824141d000 r--s 001d1000 08:05 7480580                    /home/asiantech/.gradle/wrapper/dists/gradle-2.14.1-all/8bnwg5hd3w55iofp58khbp6yv/gradle-2.14.1/lib/ant-1.9.6.jar
7f824141d000-7f8241454000 r--s 001bd000 08:05 7480567                    /home/asiantech/.gradle/wrapper/dists/gradle-2.14.1-all/8bnwg5hd3w55iofp58khbp6yv/gradle-2.14.1/lib/gradle-core-2.14.1.jar
7f8241454000-7f8241455000 ---p 00000000 00:00 0 
7f8241455000-7f8241555000 rw-p 00000000 00:00 0                          [stack:4457]
7f8241555000-7f8241558000 ---p 00000000 00:00 0 
7f8241558000-7f8241656000 rw-p 00000000 00:00 0                          [stack:4456]
7f8241656000-7f8241659000 ---p 00000000 00:00 0 
7f8241659000-7f8241757000 rw-p 00000000 00:00 0                          [stack:4455]
7f8241757000-7f824175a000 ---p 00000000 00:00 0 
7f824175a000-7f8241858000 rw-p 00000000 00:00 0                          [stack:4454]
7f8241858000-7f824185b000 ---p 00000000 00:00 0 
7f824185b000-7f8241959000 rw-p 00000000 00:00 0                          [stack:4453]
7f8241959000-7f824195c000 ---p 00000000 00:00 0 
7f824195c000-7f8241a5a000 rw-p 00000000 00:00 0                          [stack:4452]
7f8241a5a000-7f82422ac000 r--p 00000000 08:05 9706382                    /usr/lib/locale/locale-archive
7f82422ac000-7f82422af000 ---p 00000000 00:00 0 
7f82422af000-7f82423ad000 rw-p 00000000 00:00 0                          [stack:4450]
7f82423ad000-7f82423b0000 ---p 00000000 00:00 0 
7f82423b0000-7f82424ae000 rw-p 00000000 00:00 0                          [stack:4449]
7f82424ae000-7f82424af000 ---p 00000000 00:00 0 
7f82424af000-7f8244000000 rw-p 00000000 00:00 0                          [stack:4448]
7f8244000000-7f8244025000 rw-p 00000000 00:00 0 
7f8244025000-7f8248000000 ---p 00000000 00:00 0 
7f8248000000-7f8248004000 r--s 000e4000 08:05 7480593                    /home/asiantech/.gradle/wrapper/dists/gradle-2.14.1-all/8bnwg5hd3w55iofp58khbp6yv/gradle-2.14.1/lib/jna-3.2.7.jar
7f8248004000-7f8248013000 r--s 00080000 08:05 7480577                    /home/asiantech/.gradle/wrapper/dists/gradle-2.14.1-all/8bnwg5hd3w55iofp58khbp6yv/gradle-2.14.1/lib/gradle-model-core-2.14.1.jar
7f8248013000-7f8248055000 rw-p 00000000 00:00 0 
7f8248055000-7f824822d000 r--s 03d2a000 08:05 9705523                    /usr/lib/jvm/java-8-oracle/jre/lib/rt.jar
7f824822d000-7f824b2a3000 rw-p 00000000 00:00 0 
7f824b2a3000-7f824b2a4000 ---p 00000000 00:00 0 
7f824b2a4000-7f824b3a4000 rw-p 00000000 00:00 0                          [stack:4447]
7f824b3a4000-7f824b3a5000 ---p 00000000 00:00 0 
7f824b3a5000-7f824b4a5000 rw-p 00000000 00:00 0                          [stack:4446]
7f824b4a5000-7f824b4a6000 ---p 00000000 00:00 0 
7f824b4a6000-7f824b5a6000 rw-p 00000000 00:00 0                          [stack:4445]
7f824b5a6000-7f824b5a7000 ---p 00000000 00:00 0 
7f824b5a7000-7f824b6d4000 rw-p 00000000 00:00 0                          [stack:4444]
7f824b6d4000-7f824b8a7000 ---p 00000000 00:00 0 
7f824b8a7000-7f824b8d4000 rw-p 00000000 00:00 0 
7f824b8d4000-7f824baa7000 ---p 00000000 00:00 0 
7f824baa7000-7f824bb13000 rw-p 00000000 00:00 0 
7f824bb13000-7f824bba7000 ---p 00000000 00:00 0 
7f824bba7000-7f824bc07000 rw-p 00000000 00:00 0 
7f824bc07000-7f824bf68000 ---p 00000000 00:00 0 
7f824bf68000-7f824d718000 rwxp 00000000 00:00 0 
7f824d718000-7f825af68000 ---p 00000000 00:00 0 
7f825af68000-7f825af82000 r-xp 00000000 08:05 9705582                    /usr/lib/jvm/java-8-oracle/jre/lib/amd64/libzip.so
7f825af82000-7f825b182000 ---p 0001a000 08:05 9705582                    /usr/lib/jvm/java-8-oracle/jre/lib/amd64/libzip.so
7f825b182000-7f825b183000 rw-p 0001a000 08:05 9705582                    /usr/lib/jvm/java-8-oracle/jre/lib/amd64/libzip.so
7f825b183000-7f825b18d000 r-xp 00000000 08:05 267231                     /lib/x86_64-linux-gnu/libnss_files-2.19.so
7f825b18d000-7f825b38c000 ---p 0000a000 08:05 267231                     /lib/x86_64-linux-gnu/libnss_files-2.19.so
7f825b38c000-7f825b38d000 r--p 00009000 08:05 267231                     /lib/x86_64-linux-gnu/libnss_files-2.19.so
7f825b38d000-7f825b38e000 rw-p 0000a000 08:05 267231                     /lib/x86_64-linux-gnu/libnss_files-2.19.so
7f825b38e000-7f825b399000 r-xp 00000000 08:05 267223                     /lib/x86_64-linux-gnu/libnss_nis-2.19.so
7f825b399000-7f825b598000 ---p 0000b000 08:05 267223                     /lib/x86_64-linux-gnu/libnss_nis-2.19.so
7f825b598000-7f825b599000 r--p 0000a000 08:05 267223                     /lib/x86_64-linux-gnu/libnss_nis-2.19.so
7f825b599000-7f825b59a000 rw-p 0000b000 08:05 267223                     /lib/x86_64-linux-gnu/libnss_nis-2.19.so
7f825b59a000-7f825b5b1000 r-xp 00000000 08:05 267219                     /lib/x86_64-linux-gnu/libnsl-2.19.so
7f825b5b1000-7f825b7b0000 ---p 00017000 08:05 267219                     /lib/x86_64-linux-gnu/libnsl-2.19.so
7f825b7b0000-7f825b7b1000 r--p 00016000 08:05 267219                     /lib/x86_64-linux-gnu/libnsl-2.19.so
7f825b7b1000-7f825b7b2000 rw-p 00017000 08:05 267219                     /lib/x86_64-linux-gnu/libnsl-2.19.so
7f825b7b2000-7f825b7b4000 rw-p 00000000 00:00 0 
7f825b7b4000-7f825b7bd000 r-xp 00000000 08:05 267218                     /lib/x86_64-linux-gnu/libnss_compat-2.19.so
7f825b7bd000-7f825b9bc000 ---p 00009000 08:05 267218                     /lib/x86_64-linux-gnu/libnss_compat-2.19.so
7f825b9bc000-7f825b9bd000 r--p 00008000 08:05 267218                     /lib/x86_64-linux-gnu/libnss_compat-2.19.so
7f825b9bd000-7f825b9be000 rw-p 00009000 08:05 267218                     /lib/x86_64-linux-gnu/libnss_compat-2.19.so
7f825b9be000-7f825b9e9000 r-xp 00000000 08:05 9705567                    /usr/lib/jvm/java-8-oracle/jre/lib/amd64/libjava.so
7f825b9e9000-7f825bbe8000 ---p 0002b000 08:05 9705567                    /usr/lib/jvm/java-8-oracle/jre/lib/amd64/libjava.so
7f825bbe8000-7f825bbea000 rw-p 0002a000 08:05 9705567                    /usr/lib/jvm/java-8-oracle/jre/lib/amd64/libjava.so
7f825bbea000-7f825bbf7000 r-xp 00000000 08:05 9705579                    /usr/lib/jvm/java-8-oracle/jre/lib/amd64/libverify.so
7f825bbf7000-7f825bdf6000 ---p 0000d000 08:05 9705579                    /usr/lib/jvm/java-8-oracle/jre/lib/amd64/libverify.so
7f825bdf6000-7f825bdf8000 rw-p 0000c000 08:05 9705579                    /usr/lib/jvm/java-8-oracle/jre/lib/amd64/libverify.so
7f825bdf8000-7f825bdff000 r-xp 00000000 08:05 267227                     /lib/x86_64-linux-gnu/librt-2.19.so
7f825bdff000-7f825bffe000 ---p 00007000 08:05 267227                     /lib/x86_64-linux-gnu/librt-2.19.so
7f825bffe000-7f825bfff000 r--p 00006000 08:05 267227                     /lib/x86_64-linux-gnu/librt-2.19.so
7f825bfff000-7f825c000000 rw-p 00007000 08:05 267227                     /lib/x86_64-linux-gnu/librt-2.19.so
7f825c000000-7f825cbf1000 rw-p 00000000 00:00 0 
7f825cbf1000-7f8260000000 ---p 00000000 00:00 0 
7f8260000000-7f8260003000 r--s 0000d000 08:05 7480594                    /home/asiantech/.gradle/wrapper/dists/gradle-2.14.1-all/8bnwg5hd3w55iofp58khbp6yv/gradle-2.14.1/lib/native-platform-0.10.jar
7f8260003000-7f8260005000 r--s 00009000 08:05 7480571                    /home/asiantech/.gradle/wrapper/dists/gradle-2.14.1-all/8bnwg5hd3w55iofp58khbp6yv/gradle-2.14.1/lib/gradle-native-2.14.1.jar
7f8260005000-7f8260007000 r--s 00005000 08:05 7480568                    /home/asiantech/.gradle/wrapper/dists/gradle-2.14.1-all/8bnwg5hd3w55iofp58khbp6yv/gradle-2.14.1/lib/gradle-cli-2.14.1.jar
7f8260007000-7f8260014000 r--s 00083000 08:05 7480581                    /home/asiantech/.gradle/wrapper/dists/gradle-2.14.1-all/8bnwg5hd3w55iofp58khbp6yv/gradle-2.14.1/lib/commons-collections-3.2.2.jar
7f8260014000-7f8260063000 rw-p 00000000 00:00 0 
7f8260063000-7f8260168000 r-xp 00000000 08:05 262248                     /lib/x86_64-linux-gnu/libm-2.19.so
7f8260168000-7f8260367000 ---p 00105000 08:05 262248                     /lib/x86_64-linux-gnu/libm-2.19.so
7f8260367000-7f8260368000 r--p 00104000 08:05 262248                     /lib/x86_64-linux-gnu/libm-2.19.so
7f8260368000-7f8260369000 rw-p 00105000 08:05 262248                     /lib/x86_64-linux-gnu/libm-2.19.so
7f8260369000-7f8261036000 r-xp 00000000 08:05 9705558                    /usr/lib/jvm/java-8-oracle/jre/lib/amd64/server/libjvm.so
7f8261036000-7f8261235000 ---p 00ccd000 08:05 9705558                    /usr/lib/jvm/java-8-oracle/jre/lib/amd64/server/libjvm.so
7f8261235000-7f826130e000 rw-p 00ccc000 08:05 9705558                    /usr/lib/jvm/java-8-oracle/jre/lib/amd64/server/libjvm.so
7f826130e000-7f8261359000 rw-p 00000000 00:00 0 
7f8261359000-7f8261513000 r-xp 00000000 08:05 267228                     /lib/x86_64-linux-gnu/libc-2.19.so
7f8261513000-7f8261713000 ---p 001ba000 08:05 267228                     /lib/x86_64-linux-gnu/libc-2.19.so
7f8261713000-7f8261717000 r--p 001ba000 08:05 267228                     /lib/x86_64-linux-gnu/libc-2.19.so
7f8261717000-7f8261719000 rw-p 001be000 08:05 267228                     /lib/x86_64-linux-gnu/libc-2.19.so
7f8261719000-7f826171e000 rw-p 00000000 00:00 0 
7f826171e000-7f8261721000 r-xp 00000000 08:05 266162                     /lib/x86_64-linux-gnu/libdl-2.19.so
7f8261721000-7f8261920000 ---p 00003000 08:05 266162                     /lib/x86_64-linux-gnu/libdl-2.19.so
7f8261920000-7f8261921000 r--p 00002000 08:05 266162                     /lib/x86_64-linux-gnu/libdl-2.19.so
7f8261921000-7f8261922000 rw-p 00003000 08:05 266162                     /lib/x86_64-linux-gnu/libdl-2.19.so
7f8261922000-7f8261937000 r-xp 00000000 08:05 9706363                    /usr/lib/jvm/java-8-oracle/lib/amd64/jli/libjli.so
7f8261937000-7f8261b37000 ---p 00015000 08:05 9706363                    /usr/lib/jvm/java-8-oracle/lib/amd64/jli/libjli.so
7f8261b37000-7f8261b38000 rw-p 00015000 08:05 9706363                    /usr/lib/jvm/java-8-oracle/lib/amd64/jli/libjli.so
7f8261b38000-7f8261b51000 r-xp 00000000 08:05 267220                     /lib/x86_64-linux-gnu/libpthread-2.19.so
7f8261b51000-7f8261d50000 ---p 00019000 08:05 267220                     /lib/x86_64-linux-gnu/libpthread-2.19.so
7f8261d50000-7f8261d51000 r--p 00018000 08:05 267220                     /lib/x86_64-linux-gnu/libpthread-2.19.so
7f8261d51000-7f8261d52000 rw-p 00019000 08:05 267220                     /lib/x86_64-linux-gnu/libpthread-2.19.so
7f8261d52000-7f8261d56000 rw-p 00000000 00:00 0 
7f8261d56000-7f8261d79000 r-xp 00000000 08:05 267221                     /lib/x86_64-linux-gnu/ld-2.19.so
7f8261d79000-7f8261d7a000 r--s 00002000 08:05 7480601                    /home/asiantech/.gradle/wrapper/dists/gradle-2.14.1-all/8bnwg5hd3w55iofp58khbp6yv/gradle-2.14.1/lib/native-platform-osx-i386-0.10.jar
7f8261d7a000-7f8261d7c000 r--s 00007000 08:05 7480578                    /home/asiantech/.gradle/wrapper/dists/gradle-2.14.1-all/8bnwg5hd3w55iofp58khbp6yv/gradle-2.14.1/lib/gradle-model-groovy-2.14.1.jar
7f8261d7c000-7f8261d7d000 r--s 00006000 08:05 7480585                    /home/asiantech/.gradle/wrapper/dists/gradle-2.14.1-all/8bnwg5hd3w55iofp58khbp6yv/gradle-2.14.1/lib/gradle-base-services-groovy-2.14.1.jar
7f8261d7d000-7f8261d7e000 r--s 00002000 08:05 7480589                    /home/asiantech/.gradle/wrapper/dists/gradle-2.14.1-all/8bnwg5hd3w55iofp58khbp6yv/gradle-2.14.1/lib/gradle-docs-2.14.1.jar
7f8261d7e000-7f8261d82000 r--s 00027000 08:05 7480582                    /home/asiantech/.gradle/wrapper/dists/gradle-2.14.1-all/8bnwg5hd3w55iofp58khbp6yv/gradle-2.14.1/lib/commons-io-2.2.jar
7f8261d82000-7f8261d87000 r--s 00038000 08:05 7480579                    /home/asiantech/.gradle/wrapper/dists/gradle-2.14.1-all/8bnwg5hd3w55iofp58khbp6yv/gradle-2.14.1/lib/asm-all-5.1.jar
7f8261d87000-7f8261d8c000 r--s 00041000 08:05 7480574                    /home/asiantech/.gradle/wrapper/dists/gradle-2.14.1-all/8bnwg5hd3w55iofp58khbp6yv/gradle-2.14.1/lib/commons-lang-2.6.jar
7f8261d8c000-7f8261d94000 r--s 0003a000 08:05 7480565                    /home/asiantech/.gradle/wrapper/dists/gradle-2.14.1-all/8bnwg5hd3w55iofp58khbp6yv/gradle-2.14.1/lib/gradle-base-services-2.14.1.jar
7f8261d94000-7f8261e56000 rw-p 00000000 00:00 0 
7f8261e56000-7f8261e59000 ---p 00000000 00:00 0 
7f8261e59000-7f8261f5b000 rw-p 00000000 00:00 0                          [stack:4443]
7f8261f5b000-7f8261f5c000 r--s 00000000 08:05 7480584                    /home/asiantech/.gradle/wrapper/dists/gradle-2.14.1-all/8bnwg5hd3w55iofp58khbp6yv/gradle-2.14.1/lib/javax.inject-1.jar
7f8261f5c000-7f8261f5d000 r--s 00000000 08:05 7480583                    /home/asiantech/.gradle/wrapper/dists/gradle-2.14.1-all/8bnwg5hd3w55iofp58khbp6yv/gradle-2.14.1/lib/jcip-annotations-1.0.jar
7f8261f5d000-7f8261f5e000 r--s 00001000 08:05 7480575                    /home/asiantech/.gradle/wrapper/dists/gradle-2.14.1-all/8bnwg5hd3w55iofp58khbp6yv/gradle-2.14.1/lib/gradle-process-services-2.14.1.jar
7f8261f5e000-7f8261f5f000 r--s 00000000 08:05 7480566                    /home/asiantech/.gradle/wrapper/dists/gradle-2.14.1-all/8bnwg5hd3w55iofp58khbp6yv/gradle-2.14.1/lib/gradle-jvm-services-2.14.1.jar
7f8261f5f000-7f8261f60000 r--s 00007000 08:05 7480572                    /home/asiantech/.gradle/wrapper/dists/gradle-2.14.1-all/8bnwg5hd3w55iofp58khbp6yv/gradle-2.14.1/lib/slf4j-api-1.7.10.jar
7f8261f60000-7f8261f61000 r--s 00004000 08:05 7480596                    /home/asiantech/.gradle/wrapper/dists/gradle-2.14.1-all/8bnwg5hd3w55iofp58khbp6yv/gradle-2.14.1/lib/ant-launcher-1.9.6.jar
7f8261f61000-7f8261f6c000 r--s 00051000 08:05 7480562                    /home/asiantech/.gradle/wrapper/dists/gradle-2.14.1-all/8bnwg5hd3w55iofp58khbp6yv/gradle-2.14.1/lib/gradle-launcher-2.14.1.jar
7f8261f6c000-7f8261f74000 rw-s 00000000 08:05 9974888                    /tmp/hsperfdata_asiantech/4440
7f8261f74000-7f8261f75000 rw-p 00000000 00:00 0 
7f8261f75000-7f8261f76000 ---p 00000000 00:00 0 
7f8261f76000-7f8261f78000 rw-p 00000000 00:00 0 
7f8261f78000-7f8261f79000 r--p 00022000 08:05 267221                     /lib/x86_64-linux-gnu/ld-2.19.so
7f8261f79000-7f8261f7a000 rw-p 00023000 08:05 267221                     /lib/x86_64-linux-gnu/ld-2.19.so
7f8261f7a000-7f8261f7b000 rw-p 00000000 00:00 0 
7ffe7552f000-7ffe75550000 rw-p 00000000 00:00 0                          [stack]
7ffe75562000-7ffe75564000 r-xp 00000000 00:00 0                          [vdso]
7ffe75564000-7ffe75566000 r--p 00000000 00:00 0                          [vvar]
ffffffffff600000-ffffffffff601000 r-xp 00000000 00:00 0                  [vsyscall]

VM Arguments:
jvm_args: -Xmx1536m -Dfile.encoding=UTF-8 -Duser.country=US -Duser.language=en -Duser.variant 
java_command: org.gradle.launcher.daemon.bootstrap.GradleDaemon 2.14.1
java_class_path (initial): /home/asiantech/.gradle/wrapper/dists/gradle-2.14.1-all/8bnwg5hd3w55iofp58khbp6yv/gradle-2.14.1/lib/gradle-launcher-2.14.1.jar
Launcher Type: SUN_STANDARD

Environment Variables:
JAVA_HOME=/usr/lib/jvm/java-8-oracle
PATH=/usr/local/sbin:/usr/local/bin:/usr/sbin:/usr/bin:/sbin:/bin:/usr/games:/usr/local/games:/usr/lib/jvm/java-8-oracle/bin:/usr/lib/jvm/java-8-oracle/db/bin:/usr/lib/jvm/java-8-oracle/jre/bin:/usr/lib/gradle/2.13/bin/gradle//bin
LD_LIBRARY_PATH=/home/asiantech/android-studio/bin:
SHELL=/usr/bin/zsh
DISPLAY=:0

Signal Handlers:
SIGSEGV: [libjvm.so+0xac64b0], sa_mask[0]=11111111011111111101111111111110, sa_flags=SA_RESTART|SA_SIGINFO
SIGBUS: [libjvm.so+0xac64b0], sa_mask[0]=11111111011111111101111111111110, sa_flags=SA_RESTART|SA_SIGINFO
SIGFPE: [libjvm.so+0x91f950], sa_mask[0]=11111111011111111101111111111110, sa_flags=SA_RESTART|SA_SIGINFO
SIGPIPE: [libjvm.so+0x91f950], sa_mask[0]=11111111011111111101111111111110, sa_flags=SA_RESTART|SA_SIGINFO
SIGXFSZ: [libjvm.so+0x91f950], sa_mask[0]=11111111011111111101111111111110, sa_flags=SA_RESTART|SA_SIGINFO
SIGILL: [libjvm.so+0x91f950], sa_mask[0]=11111111011111111101111111111110, sa_flags=SA_RESTART|SA_SIGINFO
SIGUSR1: SIG_DFL, sa_mask[0]=00000000000000000000000000000000, sa_flags=none
SIGUSR2: [libjvm.so+0x920f80], sa_mask[0]=00100000000000000000000000000000, sa_flags=SA_RESTART|SA_SIGINFO
SIGHUP: [libjvm.so+0x922380], sa_mask[0]=11111111011111111101111111111110, sa_flags=SA_RESTART|SA_SIGINFO
SIGINT: [libjvm.so+0x922380], sa_mask[0]=11111111011111111101111111111110, sa_flags=SA_RESTART|SA_SIGINFO
SIGTERM: [libjvm.so+0x922380], sa_mask[0]=11111111011111111101111111111110, sa_flags=SA_RESTART|SA_SIGINFO
SIGQUIT: [libjvm.so+0x922380], sa_mask[0]=11111111011111111101111111111110, sa_flags=SA_RESTART|SA_SIGINFO


---------------  S Y S T E M  ---------------

OS:DISTRIB_ID=Ubuntu
DISTRIB_RELEASE=14.04
DISTRIB_CODENAME=trusty
DISTRIB_DESCRIPTION="Ubuntu 14.04.2 LTS"

uname:Linux 3.16.0-71-generic #92~14.04.1-Ubuntu SMP Thu May 12 23:31:46 UTC 2016 x86_64
libc:glibc 2.19 NPTL 2.19 
rlimit: STACK 8192k, CORE 0k, NPROC 31505, NOFILE 4096, AS infinity
load average:1,10 1,59 1,42

/proc/meminfo:
MemTotal:        8086688 kB
MemFree:         2393780 kB
MemAvailable:    4604784 kB
Buffers:          487740 kB
Cached:          2083700 kB
SwapCached:            0 kB
Active:          3877140 kB
Inactive:        1279420 kB
Active(anon):    2587812 kB
Inactive(anon):   456680 kB
Active(file):    1289328 kB
Inactive(file):   822740 kB
Unevictable:         524 kB
Mlocked:             524 kB
SwapTotal:       7811068 kB
SwapFree:        7811068 kB
Dirty:             12532 kB
Writeback:             0 kB
AnonPages:       2585700 kB
Mapped:           429296 kB
Shmem:            459376 kB
Slab:             387964 kB
SReclaimable:     352328 kB
SUnreclaim:        35636 kB
KernelStack:       10032 kB
PageTables:        41612 kB
NFS_Unstable:          0 kB
Bounce:                0 kB
WritebackTmp:          0 kB
CommitLimit:    11854412 kB
Committed_AS:    7125008 kB
VmallocTotal:   34359738367 kB
VmallocUsed:      363772 kB
VmallocChunk:   34359363036 kB
HardwareCorrupted:     0 kB
AnonHugePages:   1046528 kB
HugePages_Total:       0
HugePages_Free:        0
HugePages_Rsvd:        0
HugePages_Surp:        0
Hugepagesize:       2048 kB
DirectMap4k:       90392 kB
DirectMap2M:     2965504 kB
DirectMap1G:     5242880 kB


CPU:total 4 (2 cores per cpu, 2 threads per core) family 6 model 61 stepping 4, cmov, cx8, fxsr, mmx, sse, sse2, sse3, ssse3, sse4.1, sse4.2, popcnt, avx, avx2, aes, clmul, erms, 3dnowpref, lzcnt, ht, tsc, tscinvbit, bmi1, bmi2, adx

/proc/cpuinfo:
processor	: 0
vendor_id	: GenuineIntel
cpu family	: 6
model		: 61
model name	: Intel(R) Core(TM) i7-5500U CPU @ 2.40GHz
stepping	: 4
microcode	: 0x12
cpu MHz		: 2899.968
cache size	: 4096 KB
physical id	: 0
siblings	: 4
core id		: 0
cpu cores	: 2
apicid		: 0
initial apicid	: 0
fpu		: yes
fpu_exception	: yes
cpuid level	: 20
wp		: yes
flags		: fpu vme de pse tsc msr pae mce cx8 apic sep mtrr pge mca cmov pat pse36 clflush dts acpi mmx fxsr sse sse2 ss ht tm pbe syscall nx pdpe1gb rdtscp lm constant_tsc arch_perfmon pebs bts rep_good nopl xtopology nonstop_tsc aperfmperf eagerfpu pni pclmulqdq dtes64 monitor ds_cpl vmx est tm2 ssse3 fma cx16 xtpr pdcm pcid sse4_1 sse4_2 x2apic movbe popcnt tsc_deadline_timer aes xsave avx f16c rdrand lahf_lm abm 3dnowprefetch ida arat epb xsaveopt pln pts dtherm tpr_shadow vnmi flexpriority ept vpid fsgsbase tsc_adjust bmi1 avx2 smep bmi2 erms invpcid rdseed adx smap
bogomips	: 4788.81
clflush size	: 64
cache_alignment	: 64
address sizes	: 39 bits physical, 48 bits virtual
power management:

processor	: 1
vendor_id	: GenuineIntel
cpu family	: 6
model		: 61
model name	: Intel(R) Core(TM) i7-5500U CPU @ 2.40GHz
stepping	: 4
microcode	: 0x12
cpu MHz		: 2900.062
cache size	: 4096 KB
physical id	: 0
siblings	: 4
core id		: 1
cpu cores	: 2
apicid		: 2
initial apicid	: 2
fpu		: yes
fpu_exception	: yes
cpuid level	: 20
wp		: yes
flags		: fpu vme de pse tsc msr pae mce cx8 apic sep mtrr pge mca cmov pat pse36 clflush dts acpi mmx fxsr sse sse2 ss ht tm pbe syscall nx pdpe1gb rdtscp lm constant_tsc arch_perfmon pebs bts rep_good nopl xtopology nonstop_tsc aperfmperf eagerfpu pni pclmulqdq dtes64 monitor ds_cpl vmx est tm2 ssse3 fma cx16 xtpr pdcm pcid sse4_1 sse4_2 x2apic movbe popcnt tsc_deadline_timer aes xsave avx f16c rdrand lahf_lm abm 3dnowprefetch ida arat epb xsaveopt pln pts dtherm tpr_shadow vnmi flexpriority ept vpid fsgsbase tsc_adjust bmi1 avx2 smep bmi2 erms invpcid rdseed adx smap
bogomips	: 4788.81
clflush size	: 64
cache_alignment	: 64
address sizes	: 39 bits physical, 48 bits virtual
power management:

processor	: 2
vendor_id	: GenuineIntel
cpu family	: 6
model		: 61
model name	: Intel(R) Core(TM) i7-5500U CPU @ 2.40GHz
stepping	: 4
microcode	: 0x12
cpu MHz		: 2899.968
cache size	: 4096 KB
physical id	: 0
siblings	: 4
core id		: 0
cpu cores	: 2
apicid		: 1
initial apicid	: 1
fpu		: yes
fpu_exception	: yes
cpuid level	: 20
wp		: yes
flags		: fpu vme de pse tsc msr pae mce cx8 apic sep mtrr pge mca cmov pat pse36 clflush dts acpi mmx fxsr sse sse2 ss ht tm pbe syscall nx pdpe1gb rdtscp lm constant_tsc arch_perfmon pebs bts rep_good nopl xtopology nonstop_tsc aperfmperf eagerfpu pni pclmulqdq dtes64 monitor ds_cpl vmx est tm2 ssse3 fma cx16 xtpr pdcm pcid sse4_1 sse4_2 x2apic movbe popcnt tsc_deadline_timer aes xsave avx f16c rdrand lahf_lm abm 3dnowprefetch ida arat epb xsaveopt pln pts dtherm tpr_shadow vnmi flexpriority ept vpid fsgsbase tsc_adjust bmi1 avx2 smep bmi2 erms invpcid rdseed adx smap
bogomips	: 4788.81
clflush size	: 64
cache_alignment	: 64
address sizes	: 39 bits physical, 48 bits virtual
power management:

processor	: 3
vendor_id	: GenuineIntel
cpu family	: 6
model		: 61
model name	: Intel(R) Core(TM) i7-5500U CPU @ 2.40GHz
stepping	: 4
microcode	: 0x12
cpu MHz		: 2899.968
cache size	: 4096 KB
physical id	: 0
siblings	: 4
core id		: 1
cpu cores	: 2
apicid		: 3
initial apicid	: 3
fpu		: yes
fpu_exception	: yes
cpuid level	: 20
wp		: yes
flags		: fpu vme de pse tsc msr pae mce cx8 apic sep mtrr pge mca cmov pat pse36 clflush dts acpi mmx fxsr sse sse2 ss ht tm pbe syscall nx pdpe1gb rdtscp lm constant_tsc arch_perfmon pebs bts rep_good nopl xtopology nonstop_tsc aperfmperf eagerfpu pni pclmulqdq dtes64 monitor ds_cpl vmx est tm2 ssse3 fma cx16 xtpr pdcm pcid sse4_1 sse4_2 x2apic movbe popcnt tsc_deadline_timer aes xsave avx f16c rdrand lahf_lm abm 3dnowprefetch ida arat epb xsaveopt pln pts dtherm tpr_shadow vnmi flexpriority ept vpid fsgsbase tsc_adjust bmi1 avx2 smep bmi2 erms invpcid rdseed adx smap
bogomips	: 4788.81
clflush size	: 64
cache_alignment	: 64
address sizes	: 39 bits physical, 48 bits virtual
power management:



Memory: 4k page, physical 8086688k(2393780k free), swap 7811068k(7811068k free)

vm_info: Java HotSpot(TM) 64-Bit Server VM (25.111-b14) for linux-amd64 JRE (1.8.0_111-b14), built on Sep 22 2016 16:14:03 by "java_re" with gcc 4.3.0 20080428 (Red Hat 4.3.0-8)

time: Sat Nov 26 08:18:57 2016
elapsed time: 1990 seconds (0d 0h 33m 10s)

